Served asset /jquery-ui.css - 304 Not Modified (87ms)
Served asset /jquery.ui.core.css - 304 Not Modified (0ms)
Served asset /jquery.ui.theme.css - 304 Not Modified (0ms)
Served asset /jquery.ui.slider.css - 304 Not Modified (0ms)
Served asset /bootstrap.css - 304 Not Modified (0ms)
Served asset /jquery.fancybox.css - 304 Not Modified (0ms)
Served asset /application.css - 304 Not Modified (2ms)
Served asset /solr-autocomplete/jquery.autocomplete.css - 304 Not Modified (0ms)
Served asset /gmaps4rails.css - 304 Not Modified (0ms)
Served asset /jquery.js - 304 Not Modified (1ms)
Served asset /jquery-ui.js - 304 Not Modified (2ms)
Served asset /jquery_ujs.js - 304 Not Modified (0ms)
Served asset /jquery.ui.core.js - 304 Not Modified (1ms)
Served asset /jquery.ui.widget.js - 304 Not Modified (0ms)
Served asset /jquery.ui.mouse.js - 304 Not Modified (1ms)
Served asset /jquery.ui.slider.js - 304 Not Modified (1ms)
Served asset /underscore.js - 304 Not Modified (0ms)
Served asset /bootstrap.js - 304 Not Modified (0ms)
Served asset /jquery.fancybox.js - 304 Not Modified (0ms)
Served asset /solr-autocomplete/ajax-solr/core/Core.js - 304 Not Modified (0ms)
Served asset /solr-autocomplete/ajax-solr/core/AbstractManager.js - 304 Not Modified (0ms)
Served asset /solr-autocomplete/ajax-solr/managers/Manager.jquery.js - 304 Not Modified (0ms)
Served asset /solr-autocomplete/ajax-solr/core/Parameter.js - 304 Not Modified (0ms)
Served asset /solr-autocomplete/ajax-solr/core/ParameterStore.js - 304 Not Modified (0ms)
Served asset /application.js - 304 Not Modified (4ms)
Served asset /jquery.colorbox.js - 304 Not Modified (0ms)
Served asset /gmaps4rails/gmaps4rails.base.js - 304 Not Modified (0ms)
Served asset /gmaps4rails/gmaps4rails.googlemaps.js - 304 Not Modified (0ms)
Served asset /gmaps4rails/gmaps4rails.bing.js - 304 Not Modified (0ms)
Served asset /gmaps4rails/gmaps4rails.mapquest.js - 304 Not Modified (0ms)
Served asset /gmaps4rails/gmaps4rails.openlayers.js - 304 Not Modified (0ms)
Served asset /profiles.css - 304 Not Modified (0ms)
Served asset /profiles.js - 304 Not Modified (0ms)
Served asset /jquery-ui.css - 304 Not Modified (0ms)
Served asset /jquery.ui.core.css - 304 Not Modified (0ms)
Served asset /jquery.ui.theme.css - 304 Not Modified (0ms)
Served asset /jquery.ui.slider.css - 304 Not Modified (4ms)
Served asset /bootstrap.css - 304 Not Modified (0ms)
Served asset /jquery.fancybox.css - 304 Not Modified (0ms)
Served asset /application.css - 304 Not Modified (2ms)
Served asset /solr-autocomplete/jquery.autocomplete.css - 304 Not Modified (0ms)
Served asset /gmaps4rails.css - 304 Not Modified (0ms)
Served asset /jquery.js - 304 Not Modified (1ms)
Served asset /jquery-ui.js - 304 Not Modified (2ms)
Served asset /jquery_ujs.js - 304 Not Modified (0ms)
Served asset /jquery.ui.core.js - 304 Not Modified (1ms)
Served asset /jquery.ui.widget.js - 304 Not Modified (0ms)
Served asset /jquery.ui.mouse.js - 304 Not Modified (2ms)
Served asset /jquery.ui.slider.js - 304 Not Modified (4ms)
Served asset /underscore.js - 304 Not Modified (0ms)
Served asset /bootstrap.js - 304 Not Modified (0ms)
Served asset /jquery.fancybox.js - 304 Not Modified (0ms)
Served asset /solr-autocomplete/ajax-solr/core/Core.js - 304 Not Modified (0ms)
Served asset /solr-autocomplete/ajax-solr/core/AbstractManager.js - 304 Not Modified (0ms)
Served asset /solr-autocomplete/ajax-solr/managers/Manager.jquery.js - 304 Not Modified (0ms)
Served asset /solr-autocomplete/ajax-solr/core/Parameter.js - 304 Not Modified (0ms)
Served asset /solr-autocomplete/ajax-solr/core/ParameterStore.js - 304 Not Modified (0ms)
Served asset /application.js - 304 Not Modified (6ms)
Served asset /jquery.colorbox.js - 304 Not Modified (0ms)
Served asset /gmaps4rails/gmaps4rails.base.js - 304 Not Modified (0ms)
Served asset /gmaps4rails/gmaps4rails.googlemaps.js - 304 Not Modified (0ms)
Served asset /gmaps4rails/gmaps4rails.bing.js - 304 Not Modified (0ms)
Served asset /gmaps4rails/gmaps4rails.mapquest.js - 304 Not Modified (0ms)
Served asset /gmaps4rails/gmaps4rails.openlayers.js - 304 Not Modified (0ms)
Served asset /profiles.css - 304 Not Modified (0ms)
Served asset /profiles.js - 304 Not Modified (0ms)
Served asset /jquery-ui.css - 304 Not Modified (0ms)
Served asset /jquery.ui.core.css - 304 Not Modified (0ms)
Served asset /jquery.ui.theme.css - 304 Not Modified (0ms)
Served asset /jquery.ui.slider.css - 304 Not Modified (0ms)
Served asset /bootstrap.css - 304 Not Modified (0ms)
Served asset /jquery.fancybox.css - 304 Not Modified (0ms)
Served asset /application.css - 304 Not Modified (2ms)
Served asset /solr-autocomplete/jquery.autocomplete.css - 304 Not Modified (0ms)
Served asset /gmaps4rails.css - 304 Not Modified (0ms)
Served asset /jquery.js - 304 Not Modified (1ms)
Served asset /jquery-ui.js - 304 Not Modified (1ms)
Served asset /jquery_ujs.js - 304 Not Modified (0ms)
Served asset /jquery.ui.core.js - 304 Not Modified (1ms)
Served asset /jquery.ui.widget.js - 304 Not Modified (0ms)
Served asset /jquery.ui.mouse.js - 304 Not Modified (5ms)
Served asset /jquery.ui.slider.js - 304 Not Modified (1ms)
Served asset /underscore.js - 304 Not Modified (0ms)
Served asset /bootstrap.js - 304 Not Modified (0ms)
Served asset /jquery.fancybox.js - 304 Not Modified (0ms)
Served asset /solr-autocomplete/ajax-solr/core/Core.js - 304 Not Modified (0ms)
Served asset /solr-autocomplete/ajax-solr/core/AbstractManager.js - 304 Not Modified (0ms)
Served asset /solr-autocomplete/ajax-solr/managers/Manager.jquery.js - 304 Not Modified (0ms)
Served asset /solr-autocomplete/ajax-solr/core/Parameter.js - 304 Not Modified (0ms)
Served asset /solr-autocomplete/ajax-solr/core/ParameterStore.js - 304 Not Modified (0ms)
Served asset /application.js - 304 Not Modified (5ms)
Served asset /jquery.colorbox.js - 304 Not Modified (0ms)
Served asset /gmaps4rails/gmaps4rails.base.js - 304 Not Modified (0ms)
Served asset /gmaps4rails/gmaps4rails.googlemaps.js - 304 Not Modified (0ms)
Served asset /gmaps4rails/gmaps4rails.bing.js - 304 Not Modified (0ms)
Served asset /gmaps4rails/gmaps4rails.mapquest.js - 304 Not Modified (0ms)
Served asset /gmaps4rails/gmaps4rails.openlayers.js - 304 Not Modified (0ms)
Served asset /home.css - 304 Not Modified (0ms)
Served asset /home.js - 304 Not Modified (0ms)
Served asset /index.jpeg - 304 Not Modified (0ms)
Served asset /jquery-ui/ui-bg_flat_75_ffffff_40x100.png - 304 Not Modified (20ms)
Served asset /jquery-ui.css - 304 Not Modified (0ms)
Served asset /jquery.ui.core.css - 304 Not Modified (0ms)
Served asset /jquery.ui.theme.css - 304 Not Modified (0ms)
Served asset /jquery.ui.slider.css - 304 Not Modified (1ms)
Served asset /bootstrap.css - 304 Not Modified (0ms)
Served asset /jquery.fancybox.css - 304 Not Modified (0ms)
Served asset /application.css - 304 Not Modified (2ms)
Served asset /solr-autocomplete/jquery.autocomplete.css - 304 Not Modified (0ms)
Served asset /gmaps4rails.css - 304 Not Modified (0ms)
Served asset /jquery.js - 304 Not Modified (1ms)
Served asset /jquery-ui.js - 304 Not Modified (1ms)
Served asset /jquery_ujs.js - 304 Not Modified (0ms)
Served asset /jquery.ui.core.js - 304 Not Modified (1ms)
Served asset /jquery.ui.widget.js - 304 Not Modified (0ms)
Served asset /jquery.ui.mouse.js - 304 Not Modified (1ms)
Served asset /jquery.ui.slider.js - 304 Not Modified (2ms)
Served asset /underscore.js - 304 Not Modified (0ms)
Served asset /bootstrap.js - 304 Not Modified (0ms)
Served asset /jquery.fancybox.js - 304 Not Modified (0ms)
Served asset /solr-autocomplete/ajax-solr/core/Core.js - 304 Not Modified (0ms)
Served asset /solr-autocomplete/ajax-solr/core/AbstractManager.js - 304 Not Modified (0ms)
Served asset /solr-autocomplete/ajax-solr/managers/Manager.jquery.js - 304 Not Modified (0ms)
Served asset /solr-autocomplete/ajax-solr/core/Parameter.js - 304 Not Modified (0ms)
Served asset /solr-autocomplete/ajax-solr/core/ParameterStore.js - 304 Not Modified (0ms)
Served asset /application.js - 304 Not Modified (4ms)
Served asset /jquery.colorbox.js - 304 Not Modified (0ms)
Served asset /gmaps4rails/gmaps4rails.base.js - 304 Not Modified (0ms)
Served asset /gmaps4rails/gmaps4rails.googlemaps.js - 304 Not Modified (0ms)
Served asset /gmaps4rails/gmaps4rails.bing.js - 304 Not Modified (0ms)
Served asset /gmaps4rails/gmaps4rails.mapquest.js - 304 Not Modified (0ms)
Served asset /gmaps4rails/gmaps4rails.openlayers.js - 304 Not Modified (0ms)
Served asset /home.css - 304 Not Modified (0ms)
Served asset /home.js - 304 Not Modified (0ms)
Served asset /index.jpeg - 304 Not Modified (0ms)
Served asset /jquery-ui/ui-bg_flat_75_ffffff_40x100.png - 304 Not Modified (18ms)
Served asset /jquery-ui/ui-bg_highlight-soft_75_cccccc_1x100.png - 200 OK (128ms)
Served asset /jquery-ui/ui-bg_glass_75_e6e6e6_1x400.png - 200 OK (29ms)
Served asset /jquery-ui/ui-bg_glass_65_ffffff_1x400.png - 200 OK (56ms)
Served asset /jquery-ui/ui-bg_glass_75_dadada_1x400.png - 200 OK (27ms)
Served asset /jquery-ui.css - 304 Not Modified (0ms)
Served asset /jquery.ui.core.css - 304 Not Modified (0ms)
Served asset /jquery.ui.theme.css - 304 Not Modified (0ms)
Served asset /jquery.ui.slider.css - 304 Not Modified (0ms)
Served asset /bootstrap.css - 304 Not Modified (0ms)
Served asset /jquery.fancybox.css - 304 Not Modified (0ms)
Served asset /application.css - 304 Not Modified (2ms)
Served asset /solr-autocomplete/jquery.autocomplete.css - 304 Not Modified (0ms)
Served asset /gmaps4rails.css - 304 Not Modified (0ms)
Served asset /jquery.js - 304 Not Modified (4ms)
Served asset /jquery-ui.js - 304 Not Modified (296ms)
Served asset /jquery_ujs.js - 304 Not Modified (0ms)
Served asset /jquery.ui.core.js - 304 Not Modified (1ms)
Served asset /jquery.ui.widget.js - 304 Not Modified (0ms)
Served asset /jquery.ui.mouse.js - 304 Not Modified (1ms)
Served asset /jquery.ui.slider.js - 304 Not Modified (1ms)
Served asset /underscore.js - 304 Not Modified (0ms)
Served asset /bootstrap.js - 304 Not Modified (0ms)
Served asset /jquery.fancybox.js - 304 Not Modified (0ms)
Served asset /solr-autocomplete/ajax-solr/core/Core.js - 304 Not Modified (0ms)
Served asset /solr-autocomplete/ajax-solr/core/AbstractManager.js - 304 Not Modified (0ms)
Served asset /solr-autocomplete/ajax-solr/managers/Manager.jquery.js - 304 Not Modified (0ms)
Served asset /solr-autocomplete/ajax-solr/core/Parameter.js - 304 Not Modified (0ms)
Served asset /solr-autocomplete/ajax-solr/core/ParameterStore.js - 304 Not Modified (0ms)
Served asset /application.js - 304 Not Modified (4ms)
Served asset /jquery.colorbox.js - 304 Not Modified (0ms)
Served asset /gmaps4rails/gmaps4rails.base.js - 304 Not Modified (0ms)
Served asset /gmaps4rails/gmaps4rails.googlemaps.js - 304 Not Modified (0ms)
Served asset /gmaps4rails/gmaps4rails.bing.js - 304 Not Modified (1ms)
Served asset /gmaps4rails/gmaps4rails.mapquest.js - 304 Not Modified (0ms)
Served asset /gmaps4rails/gmaps4rails.openlayers.js - 304 Not Modified (0ms)
Served asset /home.css - 304 Not Modified (0ms)
Served asset /home.js - 304 Not Modified (0ms)
Served asset /index.jpeg - 304 Not Modified (0ms)
Served asset /jquery-ui/ui-bg_flat_75_ffffff_40x100.png - 304 Not Modified (0ms)
Served asset /jquery-ui/ui-bg_glass_65_ffffff_1x400.png - 200 OK (0ms)
Served asset /jquery-ui.css - 304 Not Modified (0ms)
Served asset /jquery.ui.core.css - 304 Not Modified (0ms)
Served asset /jquery.ui.theme.css - 304 Not Modified (0ms)
Served asset /jquery.ui.slider.css - 304 Not Modified (0ms)
Served asset /bootstrap.css - 304 Not Modified (0ms)
Served asset /jquery.fancybox.css - 304 Not Modified (2ms)
Served asset /application.css - 304 Not Modified (2ms)
Served asset /solr-autocomplete/jquery.autocomplete.css - 304 Not Modified (0ms)
Served asset /gmaps4rails.css - 304 Not Modified (0ms)
Served asset /jquery.js - 304 Not Modified (1ms)
Served asset /jquery-ui.js - 304 Not Modified (2ms)
Served asset /jquery_ujs.js - 304 Not Modified (0ms)
Served asset /jquery.ui.core.js - 304 Not Modified (1ms)
Served asset /jquery.ui.widget.js - 304 Not Modified (0ms)
Served asset /jquery.ui.mouse.js - 304 Not Modified (1ms)
Served asset /jquery.ui.slider.js - 304 Not Modified (2ms)
Served asset /underscore.js - 304 Not Modified (0ms)
Served asset /bootstrap.js - 304 Not Modified (0ms)
Served asset /jquery.fancybox.js - 304 Not Modified (0ms)
Served asset /solr-autocomplete/ajax-solr/core/Core.js - 304 Not Modified (0ms)
Served asset /solr-autocomplete/ajax-solr/core/AbstractManager.js - 304 Not Modified (0ms)
Served asset /solr-autocomplete/ajax-solr/managers/Manager.jquery.js - 304 Not Modified (0ms)
Served asset /solr-autocomplete/ajax-solr/core/Parameter.js - 304 Not Modified (0ms)
Served asset /solr-autocomplete/ajax-solr/core/ParameterStore.js - 304 Not Modified (0ms)
Served asset /application.js - 304 Not Modified (4ms)
Served asset /jquery.colorbox.js - 304 Not Modified (0ms)
Served asset /gmaps4rails/gmaps4rails.base.js - 304 Not Modified (0ms)
Served asset /gmaps4rails/gmaps4rails.googlemaps.js - 304 Not Modified (0ms)
Served asset /gmaps4rails/gmaps4rails.bing.js - 304 Not Modified (0ms)
Served asset /gmaps4rails/gmaps4rails.mapquest.js - 304 Not Modified (0ms)
Served asset /gmaps4rails/gmaps4rails.openlayers.js - 304 Not Modified (0ms)
Served asset /home.css - 304 Not Modified (0ms)
Served asset /home.js - 304 Not Modified (0ms)
Served asset /index.jpeg - 304 Not Modified (0ms)
Served asset /jquery-ui/ui-bg_flat_75_ffffff_40x100.png - 304 Not Modified (0ms)
Served asset /jquery-ui.css - 304 Not Modified (0ms)
Served asset /jquery.ui.core.css - 304 Not Modified (0ms)
Served asset /jquery.ui.theme.css - 304 Not Modified (0ms)
Served asset /jquery.ui.slider.css - 304 Not Modified (0ms)
Served asset /bootstrap.css - 304 Not Modified (0ms)
Served asset /jquery.fancybox.css - 304 Not Modified (0ms)
Served asset /application.css - 304 Not Modified (2ms)
Served asset /solr-autocomplete/jquery.autocomplete.css - 304 Not Modified (0ms)
Served asset /gmaps4rails.css - 304 Not Modified (0ms)
Served asset /jquery.js - 304 Not Modified (1ms)
Served asset /jquery-ui.js - 304 Not Modified (2ms)
Served asset /jquery_ujs.js - 304 Not Modified (0ms)
Served asset /jquery.ui.core.js - 304 Not Modified (1ms)
Served asset /jquery.ui.widget.js - 304 Not Modified (0ms)
Served asset /jquery.ui.mouse.js - 304 Not Modified (1ms)
Served asset /jquery.ui.slider.js - 304 Not Modified (2ms)
Served asset /underscore.js - 304 Not Modified (0ms)
Served asset /bootstrap.js - 304 Not Modified (0ms)
Served asset /jquery.fancybox.js - 304 Not Modified (0ms)
Served asset /solr-autocomplete/ajax-solr/core/Core.js - 304 Not Modified (0ms)
Served asset /solr-autocomplete/ajax-solr/core/AbstractManager.js - 304 Not Modified (0ms)
Served asset /solr-autocomplete/ajax-solr/managers/Manager.jquery.js - 304 Not Modified (0ms)
Served asset /solr-autocomplete/ajax-solr/core/Parameter.js - 304 Not Modified (0ms)
Served asset /solr-autocomplete/ajax-solr/core/ParameterStore.js - 304 Not Modified (0ms)
Served asset /application.js - 304 Not Modified (4ms)
Served asset /jquery.colorbox.js - 304 Not Modified (0ms)
Served asset /gmaps4rails/gmaps4rails.base.js - 304 Not Modified (0ms)
Served asset /gmaps4rails/gmaps4rails.googlemaps.js - 304 Not Modified (0ms)
Served asset /gmaps4rails/gmaps4rails.bing.js - 304 Not Modified (0ms)
Served asset /gmaps4rails/gmaps4rails.mapquest.js - 304 Not Modified (0ms)
Served asset /gmaps4rails/gmaps4rails.openlayers.js - 304 Not Modified (0ms)
Served asset /home.css - 304 Not Modified (0ms)
Served asset /home.js - 304 Not Modified (0ms)
Served asset /index.jpeg - 304 Not Modified (0ms)
Served asset /jquery-ui/ui-bg_flat_75_ffffff_40x100.png - 304 Not Modified (0ms)
Served asset /jquery-ui.css - 304 Not Modified (0ms)
Served asset /jquery.ui.theme.css - 304 Not Modified (0ms)
Served asset /jquery.ui.slider.css - 304 Not Modified (0ms)
Served asset /bootstrap.css - 304 Not Modified (1ms)
Served asset /jquery.fancybox.css - 304 Not Modified (0ms)
Served asset /application.css - 304 Not Modified (2ms)
Served asset /jquery.ui.core.css - 304 Not Modified (0ms)
Served asset /solr-autocomplete/jquery.autocomplete.css - 304 Not Modified (0ms)
Served asset /gmaps4rails.css - 304 Not Modified (0ms)
Served asset /jquery.js - 304 Not Modified (1ms)
Served asset /jquery-ui.js - 304 Not Modified (1ms)
Served asset /jquery_ujs.js - 304 Not Modified (0ms)
Served asset /jquery.ui.core.js - 304 Not Modified (1ms)
Served asset /jquery.ui.widget.js - 304 Not Modified (0ms)
Served asset /jquery.ui.mouse.js - 304 Not Modified (2ms)
Served asset /jquery.ui.slider.js - 304 Not Modified (2ms)
Served asset /underscore.js - 304 Not Modified (0ms)
Served asset /bootstrap.js - 304 Not Modified (0ms)
Served asset /jquery.fancybox.js - 304 Not Modified (0ms)
Served asset /solr-autocomplete/ajax-solr/core/Core.js - 304 Not Modified (0ms)
Served asset /solr-autocomplete/ajax-solr/core/AbstractManager.js - 304 Not Modified (0ms)
Served asset /solr-autocomplete/ajax-solr/managers/Manager.jquery.js - 304 Not Modified (0ms)
Served asset /solr-autocomplete/ajax-solr/core/Parameter.js - 304 Not Modified (0ms)
Served asset /solr-autocomplete/ajax-solr/core/ParameterStore.js - 304 Not Modified (0ms)
Served asset /application.js - 304 Not Modified (5ms)
Served asset /jquery.colorbox.js - 304 Not Modified (0ms)
Served asset /gmaps4rails/gmaps4rails.base.js - 304 Not Modified (0ms)
Served asset /gmaps4rails/gmaps4rails.googlemaps.js - 304 Not Modified (0ms)
Served asset /gmaps4rails/gmaps4rails.bing.js - 304 Not Modified (265ms)
Served asset /gmaps4rails/gmaps4rails.mapquest.js - 304 Not Modified (0ms)
Served asset /gmaps4rails/gmaps4rails.openlayers.js - 304 Not Modified (0ms)
Served asset /home.css - 304 Not Modified (0ms)
Served asset /home.js - 304 Not Modified (0ms)
Served asset /index.jpeg - 304 Not Modified (0ms)
Served asset /jquery-ui/ui-bg_flat_75_ffffff_40x100.png - 304 Not Modified (0ms)
Served asset /jquery-ui.css - 304 Not Modified (0ms)
Served asset /jquery.ui.core.css - 304 Not Modified (0ms)
Served asset /jquery.ui.theme.css - 304 Not Modified (0ms)
Served asset /jquery.ui.slider.css - 304 Not Modified (0ms)
Served asset /bootstrap.css - 304 Not Modified (0ms)
Served asset /jquery.fancybox.css - 304 Not Modified (0ms)
Served asset /application.css - 304 Not Modified (2ms)
Served asset /solr-autocomplete/jquery.autocomplete.css - 304 Not Modified (0ms)
Served asset /gmaps4rails.css - 304 Not Modified (0ms)
Served asset /jquery.js - 304 Not Modified (1ms)
Served asset /jquery-ui.js - 304 Not Modified (1ms)
Served asset /jquery_ujs.js - 304 Not Modified (0ms)
Served asset /jquery.ui.core.js - 304 Not Modified (1ms)
Served asset /jquery.ui.widget.js - 304 Not Modified (0ms)
Served asset /jquery.ui.mouse.js - 304 Not Modified (2ms)
Served asset /jquery.ui.slider.js - 304 Not Modified (1ms)
Served asset /underscore.js - 304 Not Modified (0ms)
Served asset /bootstrap.js - 304 Not Modified (0ms)
Served asset /jquery.fancybox.js - 304 Not Modified (0ms)
Served asset /solr-autocomplete/ajax-solr/core/Core.js - 304 Not Modified (0ms)
Served asset /solr-autocomplete/ajax-solr/core/AbstractManager.js - 304 Not Modified (0ms)
Served asset /solr-autocomplete/ajax-solr/managers/Manager.jquery.js - 304 Not Modified (0ms)
Served asset /solr-autocomplete/ajax-solr/core/Parameter.js - 304 Not Modified (0ms)
Served asset /solr-autocomplete/ajax-solr/core/ParameterStore.js - 304 Not Modified (0ms)
Served asset /application.js - 304 Not Modified (4ms)
Served asset /jquery.colorbox.js - 304 Not Modified (0ms)
Served asset /gmaps4rails/gmaps4rails.base.js - 304 Not Modified (0ms)
Served asset /gmaps4rails/gmaps4rails.googlemaps.js - 304 Not Modified (0ms)
Served asset /gmaps4rails/gmaps4rails.bing.js - 304 Not Modified (0ms)
Served asset /gmaps4rails/gmaps4rails.mapquest.js - 304 Not Modified (0ms)
Served asset /gmaps4rails/gmaps4rails.openlayers.js - 304 Not Modified (0ms)
Served asset /home.css - 304 Not Modified (0ms)
Served asset /home.js - 304 Not Modified (0ms)
Served asset /index.jpeg - 304 Not Modified (0ms)
Served asset /jquery-ui/ui-bg_flat_75_ffffff_40x100.png - 304 Not Modified (0ms)
Served asset /jquery-ui.css - 304 Not Modified (0ms)
Served asset /jquery.ui.core.css - 304 Not Modified (0ms)
Served asset /jquery.ui.theme.css - 304 Not Modified (0ms)
Served asset /jquery.ui.slider.css - 304 Not Modified (0ms)
Served asset /bootstrap.css - 304 Not Modified (0ms)
Served asset /jquery.fancybox.css - 304 Not Modified (0ms)
Served asset /application.css - 304 Not Modified (2ms)
Served asset /jquery.ui.mouse.js - 304 Not Modified (1ms)
Served asset /solr-autocomplete/jquery.autocomplete.css - 304 Not Modified (0ms)
Served asset /gmaps4rails.css - 304 Not Modified (0ms)
Served asset /jquery.js - 304 Not Modified (1ms)
Served asset /jquery-ui.js - 304 Not Modified (1ms)
Served asset /jquery_ujs.js - 304 Not Modified (0ms)
Served asset /jquery.ui.core.js - 304 Not Modified (1ms)
Served asset /jquery.ui.widget.js - 304 Not Modified (0ms)
Served asset /jquery.ui.slider.js - 304 Not Modified (1ms)
Served asset /underscore.js - 304 Not Modified (0ms)
Served asset /bootstrap.js - 304 Not Modified (0ms)
Served asset /jquery.fancybox.js - 304 Not Modified (0ms)
Served asset /solr-autocomplete/ajax-solr/core/Core.js - 304 Not Modified (0ms)
Served asset /solr-autocomplete/ajax-solr/core/AbstractManager.js - 304 Not Modified (0ms)
Served asset /solr-autocomplete/ajax-solr/managers/Manager.jquery.js - 304 Not Modified (0ms)
Served asset /solr-autocomplete/ajax-solr/core/Parameter.js - 304 Not Modified (0ms)
Served asset /solr-autocomplete/ajax-solr/core/ParameterStore.js - 304 Not Modified (0ms)
Served asset /application.js - 304 Not Modified (4ms)
Served asset /jquery.colorbox.js - 304 Not Modified (0ms)
Served asset /gmaps4rails/gmaps4rails.base.js - 304 Not Modified (0ms)
Served asset /gmaps4rails/gmaps4rails.googlemaps.js - 304 Not Modified (0ms)
Served asset /gmaps4rails/gmaps4rails.bing.js - 304 Not Modified (0ms)
Served asset /gmaps4rails/gmaps4rails.mapquest.js - 304 Not Modified (0ms)
Served asset /gmaps4rails/gmaps4rails.openlayers.js - 304 Not Modified (0ms)
Served asset /home.css - 304 Not Modified (0ms)
Served asset /home.js - 304 Not Modified (0ms)
Served asset /index.jpeg - 304 Not Modified (0ms)
Served asset /jquery-ui/ui-bg_flat_75_ffffff_40x100.png - 304 Not Modified (0ms)
Served asset /jquery-ui.css - 304 Not Modified (0ms)
Served asset /jquery.ui.theme.css - 304 Not Modified (0ms)
Served asset /jquery.ui.slider.css - 304 Not Modified (0ms)
Served asset /bootstrap.css - 304 Not Modified (0ms)
Served asset /jquery.fancybox.css - 304 Not Modified (0ms)
Served asset /application.css - 304 Not Modified (2ms)
Served asset /jquery.ui.core.css - 304 Not Modified (0ms)
Served asset /solr-autocomplete/jquery.autocomplete.css - 304 Not Modified (0ms)
Served asset /gmaps4rails.css - 304 Not Modified (0ms)
Served asset /jquery.js - 304 Not Modified (1ms)
Served asset /jquery-ui.js - 304 Not Modified (1ms)
Served asset /jquery_ujs.js - 304 Not Modified (0ms)
Served asset /jquery.ui.core.js - 304 Not Modified (1ms)
Served asset /jquery.ui.widget.js - 304 Not Modified (0ms)
Served asset /jquery.ui.mouse.js - 304 Not Modified (2ms)
Served asset /jquery.ui.slider.js - 304 Not Modified (2ms)
Served asset /underscore.js - 304 Not Modified (0ms)
Served asset /bootstrap.js - 304 Not Modified (0ms)
Served asset /jquery.fancybox.js - 304 Not Modified (0ms)
Served asset /solr-autocomplete/ajax-solr/core/Core.js - 304 Not Modified (0ms)
Served asset /solr-autocomplete/ajax-solr/core/AbstractManager.js - 304 Not Modified (0ms)
Served asset /solr-autocomplete/ajax-solr/managers/Manager.jquery.js - 304 Not Modified (0ms)
Served asset /solr-autocomplete/ajax-solr/core/Parameter.js - 304 Not Modified (0ms)
Served asset /solr-autocomplete/ajax-solr/core/ParameterStore.js - 304 Not Modified (0ms)
Served asset /application.js - 304 Not Modified (6ms)
Served asset /jquery.colorbox.js - 304 Not Modified (0ms)
Served asset /gmaps4rails/gmaps4rails.base.js - 304 Not Modified (0ms)
Served asset /gmaps4rails/gmaps4rails.googlemaps.js - 304 Not Modified (0ms)
Served asset /gmaps4rails/gmaps4rails.bing.js - 304 Not Modified (0ms)
Served asset /gmaps4rails/gmaps4rails.mapquest.js - 304 Not Modified (0ms)
Served asset /gmaps4rails/gmaps4rails.openlayers.js - 304 Not Modified (0ms)
Served asset /home.css - 304 Not Modified (0ms)
Served asset /home.js - 304 Not Modified (0ms)
Served asset /index.jpeg - 304 Not Modified (0ms)
Served asset /jquery-ui/ui-bg_flat_75_ffffff_40x100.png - 304 Not Modified (0ms)
Served asset /jquery-ui.css - 304 Not Modified (0ms)
Served asset /jquery.ui.core.css - 304 Not Modified (0ms)
Served asset /jquery.ui.theme.css - 304 Not Modified (0ms)
Served asset /jquery.ui.slider.css - 304 Not Modified (0ms)
Served asset /bootstrap.css - 304 Not Modified (0ms)
Served asset /jquery.fancybox.css - 304 Not Modified (0ms)
Served asset /application.css - 304 Not Modified (2ms)
Served asset /solr-autocomplete/jquery.autocomplete.css - 304 Not Modified (0ms)
Served asset /gmaps4rails.css - 304 Not Modified (0ms)
Served asset /jquery.js - 304 Not Modified (1ms)
Served asset /jquery-ui.js - 304 Not Modified (2ms)
Served asset /jquery_ujs.js - 304 Not Modified (0ms)
Served asset /gmaps4rails/gmaps4rails.mapquest.js - 304 Not Modified (0ms)
Served asset /jquery.ui.core.js - 304 Not Modified (1ms)
Served asset /jquery.ui.widget.js - 304 Not Modified (0ms)
Served asset /jquery.ui.mouse.js - 304 Not Modified (1ms)
Served asset /jquery.ui.slider.js - 304 Not Modified (1ms)
Served asset /underscore.js - 304 Not Modified (0ms)
Served asset /bootstrap.js - 304 Not Modified (0ms)
Served asset /jquery.fancybox.js - 304 Not Modified (0ms)
Served asset /solr-autocomplete/ajax-solr/core/Core.js - 304 Not Modified (0ms)
Served asset /solr-autocomplete/ajax-solr/core/AbstractManager.js - 304 Not Modified (0ms)
Served asset /solr-autocomplete/ajax-solr/managers/Manager.jquery.js - 304 Not Modified (0ms)
Served asset /solr-autocomplete/ajax-solr/core/Parameter.js - 304 Not Modified (0ms)
Served asset /solr-autocomplete/ajax-solr/core/ParameterStore.js - 304 Not Modified (0ms)
Served asset /application.js - 304 Not Modified (5ms)
Served asset /jquery.colorbox.js - 304 Not Modified (0ms)
Served asset /gmaps4rails/gmaps4rails.base.js - 304 Not Modified (0ms)
Served asset /gmaps4rails/gmaps4rails.googlemaps.js - 304 Not Modified (0ms)
Served asset /gmaps4rails/gmaps4rails.bing.js - 304 Not Modified (0ms)
Served asset /gmaps4rails/gmaps4rails.openlayers.js - 304 Not Modified (0ms)
Served asset /home.css - 304 Not Modified (0ms)
Served asset /home.js - 304 Not Modified (0ms)
Served asset /index.jpeg - 304 Not Modified (0ms)
Served asset /jquery-ui/ui-bg_flat_75_ffffff_40x100.png - 304 Not Modified (0ms)
Served asset /jquery-ui.css - 304 Not Modified (0ms)
Served asset /jquery.ui.core.css - 304 Not Modified (0ms)
Served asset /jquery.ui.theme.css - 304 Not Modified (0ms)
Served asset /jquery.ui.slider.css - 304 Not Modified (0ms)
Served asset /bootstrap.css - 304 Not Modified (0ms)
Served asset /jquery.fancybox.css - 304 Not Modified (0ms)
Served asset /application.css - 304 Not Modified (2ms)
Served asset /solr-autocomplete/jquery.autocomplete.css - 304 Not Modified (0ms)
Served asset /gmaps4rails.css - 304 Not Modified (0ms)
Served asset /jquery.js - 304 Not Modified (1ms)
Served asset /jquery-ui.js - 304 Not Modified (1ms)
Served asset /jquery_ujs.js - 304 Not Modified (0ms)
Served asset /jquery.ui.core.js - 304 Not Modified (1ms)
Served asset /jquery.ui.widget.js - 304 Not Modified (0ms)
Served asset /jquery.ui.mouse.js - 304 Not Modified (1ms)
Served asset /jquery.ui.slider.js - 304 Not Modified (2ms)
Served asset /underscore.js - 304 Not Modified (0ms)
Served asset /bootstrap.js - 304 Not Modified (0ms)
Served asset /jquery.fancybox.js - 304 Not Modified (0ms)
Served asset /solr-autocomplete/ajax-solr/core/Core.js - 304 Not Modified (0ms)
Served asset /solr-autocomplete/ajax-solr/core/AbstractManager.js - 304 Not Modified (0ms)
Served asset /solr-autocomplete/ajax-solr/managers/Manager.jquery.js - 304 Not Modified (0ms)
Served asset /solr-autocomplete/ajax-solr/core/Parameter.js - 304 Not Modified (0ms)
Served asset /solr-autocomplete/ajax-solr/core/ParameterStore.js - 304 Not Modified (0ms)
Served asset /application.js - 304 Not Modified (4ms)
Served asset /jquery.colorbox.js - 304 Not Modified (0ms)
Served asset /gmaps4rails/gmaps4rails.base.js - 304 Not Modified (0ms)
Served asset /gmaps4rails/gmaps4rails.googlemaps.js - 304 Not Modified (0ms)
Served asset /gmaps4rails/gmaps4rails.bing.js - 304 Not Modified (0ms)
Served asset /gmaps4rails/gmaps4rails.mapquest.js - 304 Not Modified (0ms)
Served asset /gmaps4rails/gmaps4rails.openlayers.js - 304 Not Modified (0ms)
Served asset /home.css - 304 Not Modified (0ms)
Served asset /home.js - 304 Not Modified (0ms)
Served asset /index.jpeg - 304 Not Modified (0ms)
Served asset /jquery-ui/ui-bg_flat_75_ffffff_40x100.png - 304 Not Modified (0ms)
Served asset /jquery-ui.css - 304 Not Modified (0ms)
Served asset /jquery.ui.core.css - 304 Not Modified (0ms)
Served asset /jquery.ui.theme.css - 304 Not Modified (0ms)
Served asset /jquery.ui.slider.css - 304 Not Modified (0ms)
Served asset /bootstrap.css - 304 Not Modified (0ms)
Served asset /jquery.fancybox.css - 304 Not Modified (0ms)
Served asset /application.css - 304 Not Modified (2ms)
Served asset /solr-autocomplete/jquery.autocomplete.css - 304 Not Modified (0ms)
Served asset /gmaps4rails.css - 304 Not Modified (0ms)
Served asset /jquery.js - 304 Not Modified (1ms)
Served asset /jquery-ui.js - 304 Not Modified (1ms)
Served asset /jquery_ujs.js - 304 Not Modified (0ms)
Served asset /jquery.ui.core.js - 304 Not Modified (1ms)
Served asset /jquery.ui.widget.js - 304 Not Modified (0ms)
Served asset /jquery.ui.mouse.js - 304 Not Modified (1ms)
Served asset /jquery.ui.slider.js - 304 Not Modified (1ms)
Served asset /underscore.js - 304 Not Modified (0ms)
Served asset /bootstrap.js - 304 Not Modified (0ms)
Served asset /jquery.fancybox.js - 304 Not Modified (0ms)
Served asset /solr-autocomplete/ajax-solr/core/Core.js - 304 Not Modified (0ms)
Served asset /solr-autocomplete/ajax-solr/core/AbstractManager.js - 304 Not Modified (0ms)
Served asset /solr-autocomplete/ajax-solr/managers/Manager.jquery.js - 304 Not Modified (0ms)
Served asset /solr-autocomplete/ajax-solr/core/Parameter.js - 304 Not Modified (0ms)
Served asset /solr-autocomplete/ajax-solr/core/ParameterStore.js - 304 Not Modified (0ms)
Served asset /application.js - 304 Not Modified (4ms)
Served asset /jquery.colorbox.js - 304 Not Modified (0ms)
Served asset /gmaps4rails/gmaps4rails.base.js - 304 Not Modified (0ms)
Served asset /gmaps4rails/gmaps4rails.googlemaps.js - 304 Not Modified (0ms)
Served asset /gmaps4rails/gmaps4rails.bing.js - 304 Not Modified (0ms)
Served asset /gmaps4rails/gmaps4rails.mapquest.js - 304 Not Modified (0ms)
Served asset /gmaps4rails/gmaps4rails.openlayers.js - 304 Not Modified (0ms)
Served asset /home.css - 304 Not Modified (0ms)
Served asset /home.js - 304 Not Modified (0ms)
Served asset /index.jpeg - 304 Not Modified (0ms)
Served asset /jquery-ui/ui-bg_flat_75_ffffff_40x100.png - 304 Not Modified (0ms)
Compiled home.js  (0ms)  (pid 2254)
Served asset /jquery-ui.css - 304 Not Modified (0ms)
Served asset /jquery.ui.core.css - 304 Not Modified (0ms)
Served asset /jquery.ui.theme.css - 304 Not Modified (0ms)
Served asset /jquery.ui.slider.css - 304 Not Modified (0ms)
Served asset /bootstrap.css - 304 Not Modified (0ms)
Served asset /jquery.fancybox.css - 304 Not Modified (0ms)
Served asset /application.css - 304 Not Modified (2ms)
Served asset /solr-autocomplete/jquery.autocomplete.css - 304 Not Modified (0ms)
Served asset /gmaps4rails.css - 304 Not Modified (0ms)
Served asset /jquery.js - 304 Not Modified (1ms)
Served asset /jquery-ui.js - 304 Not Modified (1ms)
Served asset /jquery_ujs.js - 304 Not Modified (0ms)
Served asset /jquery.ui.core.js - 304 Not Modified (1ms)
Served asset /jquery.ui.widget.js - 304 Not Modified (0ms)
Served asset /jquery.ui.mouse.js - 304 Not Modified (1ms)
Served asset /jquery.ui.slider.js - 304 Not Modified (1ms)
Served asset /underscore.js - 304 Not Modified (0ms)
Served asset /bootstrap.js - 304 Not Modified (0ms)
Served asset /jquery.fancybox.js - 304 Not Modified (0ms)
Served asset /solr-autocomplete/ajax-solr/core/Core.js - 304 Not Modified (0ms)
Served asset /solr-autocomplete/ajax-solr/core/AbstractManager.js - 304 Not Modified (0ms)
Served asset /solr-autocomplete/ajax-solr/managers/Manager.jquery.js - 304 Not Modified (0ms)
Served asset /solr-autocomplete/ajax-solr/core/Parameter.js - 304 Not Modified (0ms)
Served asset /solr-autocomplete/ajax-solr/core/ParameterStore.js - 304 Not Modified (0ms)
Served asset /application.js - 304 Not Modified (5ms)
Served asset /jquery.colorbox.js - 304 Not Modified (0ms)
Served asset /gmaps4rails/gmaps4rails.base.js - 304 Not Modified (0ms)
Served asset /gmaps4rails/gmaps4rails.googlemaps.js - 304 Not Modified (0ms)
Served asset /gmaps4rails/gmaps4rails.bing.js - 304 Not Modified (0ms)
Served asset /gmaps4rails/gmaps4rails.mapquest.js - 304 Not Modified (0ms)
Served asset /gmaps4rails/gmaps4rails.openlayers.js - 304 Not Modified (0ms)
Served asset /home.css - 304 Not Modified (0ms)
Served asset /home.js - 200 OK (2ms)
Served asset /index.jpeg - 304 Not Modified (0ms)
Served asset /jquery-ui/ui-bg_flat_75_ffffff_40x100.png - 304 Not Modified (0ms)
Served asset /jquery-ui.css - 304 Not Modified (0ms)
Served asset /jquery.ui.core.css - 304 Not Modified (0ms)
Served asset /jquery.ui.theme.css - 304 Not Modified (0ms)
Served asset /jquery.ui.slider.css - 304 Not Modified (1ms)
Served asset /bootstrap.css - 304 Not Modified (0ms)
Served asset /jquery.fancybox.css - 304 Not Modified (0ms)
Served asset /application.css - 304 Not Modified (2ms)
Served asset /solr-autocomplete/jquery.autocomplete.css - 304 Not Modified (0ms)
Served asset /gmaps4rails.css - 304 Not Modified (0ms)
Served asset /jquery.js - 304 Not Modified (1ms)
Served asset /jquery-ui.js - 304 Not Modified (1ms)
Served asset /jquery_ujs.js - 304 Not Modified (0ms)
Served asset /jquery.ui.core.js - 304 Not Modified (1ms)
Served asset /jquery.ui.widget.js - 304 Not Modified (0ms)
Served asset /jquery.ui.mouse.js - 304 Not Modified (1ms)
Served asset /jquery.ui.slider.js - 304 Not Modified (2ms)
Served asset /underscore.js - 304 Not Modified (0ms)
Served asset /bootstrap.js - 304 Not Modified (0ms)
Served asset /jquery.fancybox.js - 304 Not Modified (0ms)
Served asset /solr-autocomplete/ajax-solr/core/Core.js - 304 Not Modified (0ms)
Served asset /solr-autocomplete/ajax-solr/core/AbstractManager.js - 304 Not Modified (0ms)
Served asset /solr-autocomplete/ajax-solr/managers/Manager.jquery.js - 304 Not Modified (0ms)
Served asset /solr-autocomplete/ajax-solr/core/Parameter.js - 304 Not Modified (0ms)
Served asset /solr-autocomplete/ajax-solr/core/ParameterStore.js - 304 Not Modified (0ms)
Served asset /application.js - 304 Not Modified (5ms)
Served asset /jquery.colorbox.js - 304 Not Modified (0ms)
Served asset /gmaps4rails/gmaps4rails.base.js - 304 Not Modified (0ms)
Served asset /gmaps4rails/gmaps4rails.googlemaps.js - 304 Not Modified (0ms)
Served asset /gmaps4rails/gmaps4rails.bing.js - 304 Not Modified (0ms)
Served asset /gmaps4rails/gmaps4rails.mapquest.js - 304 Not Modified (0ms)
Served asset /gmaps4rails/gmaps4rails.openlayers.js - 304 Not Modified (0ms)
Served asset /home.css - 304 Not Modified (0ms)
Served asset /home.js - 304 Not Modified (0ms)
Served asset /index.jpeg - 304 Not Modified (0ms)
Served asset /jquery-ui/ui-bg_flat_75_ffffff_40x100.png - 304 Not Modified (16ms)
Served asset /jquery-ui.css - 304 Not Modified (0ms)
Served asset /jquery.ui.core.css - 304 Not Modified (0ms)
Served asset /jquery.ui.theme.css - 304 Not Modified (0ms)
Served asset /jquery.ui.slider.css - 304 Not Modified (0ms)
Served asset /bootstrap.css - 304 Not Modified (0ms)
Served asset /jquery.fancybox.css - 304 Not Modified (0ms)
Served asset /application.css - 304 Not Modified (2ms)
Served asset /solr-autocomplete/jquery.autocomplete.css - 304 Not Modified (0ms)
Served asset /gmaps4rails.css - 304 Not Modified (0ms)
Served asset /jquery.js - 304 Not Modified (1ms)
Served asset /jquery-ui.js - 304 Not Modified (1ms)
Served asset /jquery_ujs.js - 304 Not Modified (0ms)
Served asset /jquery.ui.core.js - 304 Not Modified (1ms)
Served asset /jquery.ui.widget.js - 304 Not Modified (0ms)
Served asset /jquery.ui.mouse.js - 304 Not Modified (1ms)
Served asset /jquery.ui.slider.js - 304 Not Modified (2ms)
Served asset /underscore.js - 304 Not Modified (0ms)
Served asset /bootstrap.js - 304 Not Modified (0ms)
Served asset /jquery.fancybox.js - 304 Not Modified (0ms)
Served asset /solr-autocomplete/ajax-solr/core/Core.js - 304 Not Modified (0ms)
Served asset /solr-autocomplete/ajax-solr/core/AbstractManager.js - 304 Not Modified (0ms)
Served asset /solr-autocomplete/ajax-solr/managers/Manager.jquery.js - 304 Not Modified (0ms)
Served asset /solr-autocomplete/ajax-solr/core/Parameter.js - 304 Not Modified (0ms)
Served asset /solr-autocomplete/ajax-solr/core/ParameterStore.js - 304 Not Modified (0ms)
Served asset /application.js - 304 Not Modified (6ms)
Served asset /jquery.colorbox.js - 304 Not Modified (0ms)
Served asset /gmaps4rails/gmaps4rails.base.js - 304 Not Modified (0ms)
Served asset /gmaps4rails/gmaps4rails.googlemaps.js - 304 Not Modified (0ms)
Served asset /gmaps4rails/gmaps4rails.bing.js - 304 Not Modified (2ms)
Served asset /gmaps4rails/gmaps4rails.mapquest.js - 304 Not Modified (1ms)
Served asset /gmaps4rails/gmaps4rails.openlayers.js - 304 Not Modified (0ms)
Served asset /home.css - 304 Not Modified (0ms)
Served asset /home.js - 304 Not Modified (0ms)
Served asset /index.jpeg - 304 Not Modified (0ms)
Served asset /jquery-ui/ui-bg_flat_75_ffffff_40x100.png - 304 Not Modified (0ms)
Served asset /jquery-ui.css - 304 Not Modified (0ms)
Served asset /jquery.ui.core.css - 304 Not Modified (109ms)
Served asset /jquery.ui.theme.css - 304 Not Modified (0ms)
Served asset /jquery.ui.slider.css - 304 Not Modified (0ms)
Served asset /bootstrap.css - 304 Not Modified (0ms)
Served asset /jquery.fancybox.css - 304 Not Modified (0ms)
Served asset /application.css - 304 Not Modified (2ms)
Served asset /solr-autocomplete/jquery.autocomplete.css - 304 Not Modified (0ms)
Served asset /gmaps4rails.css - 304 Not Modified (0ms)
Served asset /jquery.js - 304 Not Modified (1ms)
Served asset /jquery-ui.js - 304 Not Modified (1ms)
Served asset /jquery_ujs.js - 304 Not Modified (0ms)
Served asset /jquery.ui.core.js - 304 Not Modified (1ms)
Served asset /jquery.ui.widget.js - 304 Not Modified (0ms)
Served asset /jquery.ui.mouse.js - 304 Not Modified (1ms)
Served asset /jquery.ui.slider.js - 304 Not Modified (2ms)
Served asset /underscore.js - 304 Not Modified (0ms)
Served asset /bootstrap.js - 304 Not Modified (0ms)
Served asset /jquery.fancybox.js - 304 Not Modified (0ms)
Served asset /solr-autocomplete/ajax-solr/core/Core.js - 304 Not Modified (0ms)
Served asset /solr-autocomplete/ajax-solr/core/AbstractManager.js - 304 Not Modified (0ms)
Served asset /solr-autocomplete/ajax-solr/managers/Manager.jquery.js - 304 Not Modified (0ms)
Served asset /solr-autocomplete/ajax-solr/core/Parameter.js - 304 Not Modified (0ms)
Served asset /solr-autocomplete/ajax-solr/core/ParameterStore.js - 304 Not Modified (0ms)
Served asset /application.js - 304 Not Modified (4ms)
Served asset /jquery.colorbox.js - 304 Not Modified (0ms)
Served asset /gmaps4rails/gmaps4rails.base.js - 304 Not Modified (0ms)
Served asset /gmaps4rails/gmaps4rails.googlemaps.js - 304 Not Modified (0ms)
Served asset /gmaps4rails/gmaps4rails.bing.js - 304 Not Modified (0ms)
Served asset /gmaps4rails/gmaps4rails.mapquest.js - 304 Not Modified (0ms)
Served asset /gmaps4rails/gmaps4rails.openlayers.js - 304 Not Modified (0ms)
Served asset /home.css - 304 Not Modified (0ms)
Served asset /home.js - 304 Not Modified (0ms)
Served asset /index.jpeg - 304 Not Modified (0ms)
Served asset /jquery-ui/ui-bg_flat_75_ffffff_40x100.png - 304 Not Modified (0ms)
Served asset /jquery-ui.css - 304 Not Modified (0ms)
Served asset /jquery.ui.core.css - 304 Not Modified (0ms)
Served asset /jquery.ui.theme.css - 304 Not Modified (0ms)
Served asset /jquery.ui.slider.css - 304 Not Modified (0ms)
Served asset /bootstrap.css - 304 Not Modified (0ms)
Served asset /jquery.fancybox.css - 304 Not Modified (0ms)
Served asset /application.css - 304 Not Modified (111ms)
Served asset /solr-autocomplete/jquery.autocomplete.css - 304 Not Modified (0ms)
Served asset /gmaps4rails.css - 304 Not Modified (0ms)
Served asset /jquery.js - 304 Not Modified (1ms)
Served asset /jquery-ui.js - 304 Not Modified (2ms)
Served asset /jquery_ujs.js - 304 Not Modified (0ms)
Served asset /jquery.ui.core.js - 304 Not Modified (1ms)
Served asset /jquery.ui.widget.js - 304 Not Modified (0ms)
Served asset /jquery.ui.mouse.js - 304 Not Modified (1ms)
Served asset /jquery.ui.slider.js - 304 Not Modified (1ms)
Served asset /underscore.js - 304 Not Modified (0ms)
Served asset /bootstrap.js - 304 Not Modified (0ms)
Served asset /jquery.fancybox.js - 304 Not Modified (0ms)
Served asset /solr-autocomplete/ajax-solr/core/Core.js - 304 Not Modified (0ms)
Served asset /solr-autocomplete/ajax-solr/core/AbstractManager.js - 304 Not Modified (0ms)
Served asset /solr-autocomplete/ajax-solr/managers/Manager.jquery.js - 304 Not Modified (0ms)
Served asset /solr-autocomplete/ajax-solr/core/Parameter.js - 304 Not Modified (0ms)
Served asset /solr-autocomplete/ajax-solr/core/ParameterStore.js - 304 Not Modified (0ms)
Served asset /application.js - 304 Not Modified (4ms)
Served asset /jquery.colorbox.js - 304 Not Modified (0ms)
Served asset /gmaps4rails/gmaps4rails.base.js - 304 Not Modified (0ms)
Served asset /gmaps4rails/gmaps4rails.googlemaps.js - 304 Not Modified (0ms)
Served asset /gmaps4rails/gmaps4rails.bing.js - 304 Not Modified (0ms)
Served asset /gmaps4rails/gmaps4rails.mapquest.js - 304 Not Modified (0ms)
Served asset /gmaps4rails/gmaps4rails.openlayers.js - 304 Not Modified (0ms)
Served asset /home.css - 304 Not Modified (0ms)
Served asset /home.js - 304 Not Modified (0ms)
Served asset /index.jpeg - 304 Not Modified (0ms)
Served asset /jquery-ui/ui-bg_flat_75_ffffff_40x100.png - 304 Not Modified (0ms)
Served asset /jquery-ui.css - 304 Not Modified (0ms)
Served asset /jquery.ui.core.css - 304 Not Modified (0ms)
Served asset /jquery.ui.theme.css - 304 Not Modified (0ms)
Served asset /jquery.ui.slider.css - 304 Not Modified (0ms)
Served asset /bootstrap.css - 304 Not Modified (0ms)
Served asset /jquery.fancybox.css - 304 Not Modified (0ms)
Served asset /application.css - 304 Not Modified (2ms)
Served asset /solr-autocomplete/jquery.autocomplete.css - 304 Not Modified (0ms)
Served asset /gmaps4rails.css - 304 Not Modified (0ms)
Served asset /jquery.js - 304 Not Modified (1ms)
Served asset /jquery-ui.js - 304 Not Modified (1ms)
Served asset /jquery_ujs.js - 304 Not Modified (0ms)
Served asset /jquery.ui.core.js - 304 Not Modified (1ms)
Served asset /jquery.ui.widget.js - 304 Not Modified (8ms)
Served asset /jquery.ui.mouse.js - 304 Not Modified (1ms)
Served asset /jquery.ui.slider.js - 304 Not Modified (2ms)
Served asset /underscore.js - 304 Not Modified (0ms)
Served asset /bootstrap.js - 304 Not Modified (0ms)
Served asset /jquery.fancybox.js - 304 Not Modified (0ms)
Served asset /solr-autocomplete/ajax-solr/core/Core.js - 304 Not Modified (0ms)
Served asset /solr-autocomplete/ajax-solr/core/AbstractManager.js - 304 Not Modified (0ms)
Served asset /solr-autocomplete/ajax-solr/managers/Manager.jquery.js - 304 Not Modified (0ms)
Served asset /solr-autocomplete/ajax-solr/core/Parameter.js - 304 Not Modified (0ms)
Served asset /solr-autocomplete/ajax-solr/core/ParameterStore.js - 304 Not Modified (0ms)
Served asset /application.js - 304 Not Modified (4ms)
Served asset /jquery.colorbox.js - 304 Not Modified (0ms)
Served asset /gmaps4rails/gmaps4rails.base.js - 304 Not Modified (0ms)
Served asset /gmaps4rails/gmaps4rails.googlemaps.js - 304 Not Modified (0ms)
Served asset /gmaps4rails/gmaps4rails.bing.js - 304 Not Modified (0ms)
Served asset /gmaps4rails/gmaps4rails.mapquest.js - 304 Not Modified (0ms)
Served asset /gmaps4rails/gmaps4rails.openlayers.js - 304 Not Modified (0ms)
Served asset /home.css - 304 Not Modified (0ms)
Served asset /home.js - 304 Not Modified (0ms)
Served asset /index.jpeg - 304 Not Modified (0ms)
Served asset /jquery-ui/ui-bg_flat_75_ffffff_40x100.png - 304 Not Modified (0ms)
Compiled home.js  (14ms)  (pid 2254)
Served asset /jquery-ui.css - 304 Not Modified (0ms)
Served asset /jquery.ui.core.css - 304 Not Modified (0ms)
Served asset /jquery.ui.theme.css - 304 Not Modified (0ms)
Served asset /jquery.ui.slider.css - 304 Not Modified (0ms)
Served asset /bootstrap.css - 304 Not Modified (0ms)
Served asset /jquery.fancybox.css - 304 Not Modified (0ms)
Served asset /application.css - 304 Not Modified (2ms)
Served asset /solr-autocomplete/jquery.autocomplete.css - 304 Not Modified (0ms)
Served asset /gmaps4rails.css - 304 Not Modified (0ms)
Served asset /jquery.js - 304 Not Modified (1ms)
Served asset /jquery-ui.js - 304 Not Modified (1ms)
Served asset /jquery_ujs.js - 304 Not Modified (0ms)
Served asset /jquery.ui.core.js - 304 Not Modified (1ms)
Served asset /jquery.ui.widget.js - 304 Not Modified (0ms)
Served asset /jquery.ui.mouse.js - 304 Not Modified (122ms)
Served asset /jquery.ui.slider.js - 304 Not Modified (2ms)
Served asset /underscore.js - 304 Not Modified (0ms)
Served asset /bootstrap.js - 304 Not Modified (0ms)
Served asset /jquery.fancybox.js - 304 Not Modified (0ms)
Served asset /solr-autocomplete/ajax-solr/core/Core.js - 304 Not Modified (0ms)
Served asset /solr-autocomplete/ajax-solr/core/AbstractManager.js - 304 Not Modified (0ms)
Served asset /solr-autocomplete/ajax-solr/managers/Manager.jquery.js - 304 Not Modified (0ms)
Served asset /solr-autocomplete/ajax-solr/core/Parameter.js - 304 Not Modified (0ms)
Served asset /solr-autocomplete/ajax-solr/core/ParameterStore.js - 304 Not Modified (0ms)
Served asset /application.js - 304 Not Modified (4ms)
Served asset /jquery.colorbox.js - 304 Not Modified (0ms)
Served asset /gmaps4rails/gmaps4rails.base.js - 304 Not Modified (0ms)
Served asset /gmaps4rails/gmaps4rails.googlemaps.js - 304 Not Modified (0ms)
Served asset /gmaps4rails/gmaps4rails.bing.js - 304 Not Modified (0ms)
Served asset /gmaps4rails/gmaps4rails.mapquest.js - 304 Not Modified (0ms)
Served asset /gmaps4rails/gmaps4rails.openlayers.js - 304 Not Modified (0ms)
Served asset /home.css - 304 Not Modified (0ms)
Served asset /home.js - 200 OK (2ms)
Served asset /index.jpeg - 304 Not Modified (0ms)
Served asset /jquery-ui/ui-bg_flat_75_ffffff_40x100.png - 304 Not Modified (0ms)
Served asset /jquery-ui.css - 304 Not Modified (0ms)
Served asset /jquery.ui.core.css - 304 Not Modified (0ms)
Served asset /jquery.ui.theme.css - 304 Not Modified (0ms)
Served asset /jquery.ui.slider.css - 304 Not Modified (0ms)
Served asset /bootstrap.css - 304 Not Modified (1ms)
Served asset /jquery.fancybox.css - 304 Not Modified (0ms)
Served asset /application.css - 304 Not Modified (2ms)
Served asset /solr-autocomplete/jquery.autocomplete.css - 304 Not Modified (0ms)
Served asset /gmaps4rails.css - 304 Not Modified (0ms)
Served asset /jquery.js - 304 Not Modified (1ms)
Served asset /jquery-ui.js - 304 Not Modified (1ms)
Served asset /jquery_ujs.js - 304 Not Modified (0ms)
Served asset /jquery.ui.core.js - 304 Not Modified (1ms)
Served asset /jquery.ui.widget.js - 304 Not Modified (0ms)
Served asset /jquery.ui.mouse.js - 304 Not Modified (1ms)
Served asset /jquery.ui.slider.js - 304 Not Modified (2ms)
Served asset /underscore.js - 304 Not Modified (0ms)
Served asset /bootstrap.js - 304 Not Modified (0ms)
Served asset /jquery.fancybox.js - 304 Not Modified (102ms)
Served asset /solr-autocomplete/ajax-solr/core/Core.js - 304 Not Modified (0ms)
Served asset /solr-autocomplete/ajax-solr/core/AbstractManager.js - 304 Not Modified (0ms)
Served asset /solr-autocomplete/ajax-solr/managers/Manager.jquery.js - 304 Not Modified (0ms)
Served asset /solr-autocomplete/ajax-solr/core/Parameter.js - 304 Not Modified (0ms)
Served asset /solr-autocomplete/ajax-solr/core/ParameterStore.js - 304 Not Modified (0ms)
Served asset /application.js - 304 Not Modified (4ms)
Served asset /jquery.colorbox.js - 304 Not Modified (0ms)
Served asset /gmaps4rails/gmaps4rails.base.js - 304 Not Modified (0ms)
Served asset /gmaps4rails/gmaps4rails.googlemaps.js - 304 Not Modified (0ms)
Served asset /gmaps4rails/gmaps4rails.bing.js - 304 Not Modified (0ms)
Served asset /gmaps4rails/gmaps4rails.mapquest.js - 304 Not Modified (0ms)
Served asset /gmaps4rails/gmaps4rails.openlayers.js - 304 Not Modified (0ms)
Served asset /home.css - 304 Not Modified (0ms)
Served asset /home.js - 304 Not Modified (0ms)
Served asset /index.jpeg - 304 Not Modified (0ms)
Served asset /jquery-ui/ui-bg_flat_75_ffffff_40x100.png - 304 Not Modified (0ms)
Served asset /index.jpeg - 304 Not Modified (0ms)
Served asset /jquery-ui.css - 304 Not Modified (0ms)
Served asset /jquery.ui.core.css - 304 Not Modified (0ms)
Served asset /jquery.ui.theme.css - 304 Not Modified (0ms)
Served asset /jquery.ui.slider.css - 304 Not Modified (0ms)
Served asset /bootstrap.css - 304 Not Modified (0ms)
Served asset /jquery.fancybox.css - 304 Not Modified (0ms)
Served asset /solr-autocomplete/jquery.autocomplete.css - 304 Not Modified (0ms)
Served asset /application.css - 304 Not Modified (2ms)
Served asset /gmaps4rails.css - 304 Not Modified (0ms)
Served asset /jquery.js - 304 Not Modified (1ms)
Served asset /jquery-ui.js - 304 Not Modified (1ms)
Served asset /jquery_ujs.js - 304 Not Modified (0ms)
Served asset /jquery.ui.core.js - 304 Not Modified (1ms)
Served asset /jquery.ui.widget.js - 304 Not Modified (0ms)
Served asset /jquery.ui.mouse.js - 304 Not Modified (1ms)
Served asset /jquery.ui.slider.js - 304 Not Modified (1ms)
Served asset /underscore.js - 304 Not Modified (0ms)
Served asset /bootstrap.js - 304 Not Modified (0ms)
Served asset /jquery.fancybox.js - 304 Not Modified (0ms)
Served asset /solr-autocomplete/ajax-solr/core/Core.js - 304 Not Modified (0ms)
Served asset /solr-autocomplete/ajax-solr/core/AbstractManager.js - 304 Not Modified (0ms)
Served asset /solr-autocomplete/ajax-solr/managers/Manager.jquery.js - 304 Not Modified (0ms)
Served asset /solr-autocomplete/ajax-solr/core/Parameter.js - 304 Not Modified (0ms)
Served asset /solr-autocomplete/ajax-solr/core/ParameterStore.js - 304 Not Modified (0ms)
Served asset /application.js - 304 Not Modified (114ms)
Served asset /jquery.colorbox.js - 304 Not Modified (0ms)
Served asset /gmaps4rails/gmaps4rails.base.js - 304 Not Modified (0ms)
Served asset /gmaps4rails/gmaps4rails.googlemaps.js - 304 Not Modified (0ms)
Served asset /gmaps4rails/gmaps4rails.bing.js - 304 Not Modified (0ms)
Served asset /gmaps4rails/gmaps4rails.mapquest.js - 304 Not Modified (0ms)
Served asset /home.css - 304 Not Modified (0ms)
Served asset /home.js - 304 Not Modified (0ms)
Served asset /jquery-ui.css - 304 Not Modified (0ms)
Served asset /jquery.ui.core.css - 304 Not Modified (0ms)
Served asset /jquery.ui.theme.css - 304 Not Modified (0ms)
Served asset /jquery.ui.slider.css - 304 Not Modified (0ms)
Served asset /bootstrap.css - 304 Not Modified (0ms)
Served asset /jquery.fancybox.css - 304 Not Modified (0ms)
Served asset /application.css - 304 Not Modified (2ms)
Served asset /solr-autocomplete/jquery.autocomplete.css - 304 Not Modified (0ms)
Served asset /gmaps4rails.css - 304 Not Modified (0ms)
Served asset /underscore.js - 304 Not Modified (0ms)
Served asset /bootstrap.js - 304 Not Modified (0ms)
Served asset /jquery.js - 304 Not Modified (1ms)
Served asset /jquery-ui.js - 304 Not Modified (1ms)
Served asset /jquery_ujs.js - 304 Not Modified (0ms)
Served asset /jquery.ui.core.js - 304 Not Modified (1ms)
Served asset /jquery.ui.widget.js - 304 Not Modified (0ms)
Served asset /jquery.ui.mouse.js - 304 Not Modified (1ms)
Served asset /jquery.ui.slider.js - 304 Not Modified (2ms)
Served asset /jquery.fancybox.js - 304 Not Modified (0ms)
Served asset /solr-autocomplete/ajax-solr/core/Core.js - 304 Not Modified (0ms)
Served asset /solr-autocomplete/ajax-solr/core/AbstractManager.js - 304 Not Modified (0ms)
Served asset /solr-autocomplete/ajax-solr/managers/Manager.jquery.js - 304 Not Modified (0ms)
Served asset /solr-autocomplete/ajax-solr/core/Parameter.js - 304 Not Modified (0ms)
Served asset /solr-autocomplete/ajax-solr/core/ParameterStore.js - 304 Not Modified (0ms)
Served asset /application.js - 304 Not Modified (4ms)
Served asset /jquery.colorbox.js - 304 Not Modified (0ms)
Served asset /gmaps4rails/gmaps4rails.base.js - 304 Not Modified (0ms)
Served asset /gmaps4rails/gmaps4rails.googlemaps.js - 304 Not Modified (0ms)
Served asset /gmaps4rails/gmaps4rails.bing.js - 304 Not Modified (0ms)
Served asset /gmaps4rails/gmaps4rails.mapquest.js - 304 Not Modified (0ms)
Served asset /gmaps4rails/gmaps4rails.openlayers.js - 304 Not Modified (0ms)
Served asset /home.css - 304 Not Modified (0ms)
Served asset /home.js - 304 Not Modified (0ms)
Served asset /index.jpeg - 304 Not Modified (0ms)
Served asset /jquery-ui/ui-bg_flat_75_ffffff_40x100.png - 304 Not Modified (0ms)
Served asset /jquery-ui.css - 304 Not Modified (0ms)
Served asset /jquery.ui.core.css - 304 Not Modified (0ms)
Served asset /jquery.ui.theme.css - 304 Not Modified (0ms)
Served asset /jquery.ui.slider.css - 304 Not Modified (0ms)
Served asset /bootstrap.css - 304 Not Modified (0ms)
Served asset /jquery.fancybox.css - 304 Not Modified (0ms)
Served asset /application.css - 304 Not Modified (2ms)
Served asset /solr-autocomplete/jquery.autocomplete.css - 304 Not Modified (0ms)
Served asset /gmaps4rails.css - 304 Not Modified (0ms)
Served asset /jquery.js - 304 Not Modified (1ms)
Served asset /jquery-ui.js - 304 Not Modified (1ms)
Served asset /jquery_ujs.js - 304 Not Modified (0ms)
Served asset /jquery.ui.core.js - 304 Not Modified (1ms)
Served asset /jquery.ui.widget.js - 304 Not Modified (0ms)
Served asset /jquery.ui.mouse.js - 304 Not Modified (1ms)
Served asset /jquery.ui.slider.js - 304 Not Modified (2ms)
Served asset /underscore.js - 304 Not Modified (0ms)
Served asset /bootstrap.js - 304 Not Modified (0ms)
Served asset /jquery.fancybox.js - 304 Not Modified (0ms)
Served asset /solr-autocomplete/ajax-solr/core/Core.js - 304 Not Modified (0ms)
Served asset /solr-autocomplete/ajax-solr/core/AbstractManager.js - 304 Not Modified (0ms)
Served asset /solr-autocomplete/ajax-solr/managers/Manager.jquery.js - 304 Not Modified (0ms)
Served asset /solr-autocomplete/ajax-solr/core/Parameter.js - 304 Not Modified (0ms)
Served asset /solr-autocomplete/ajax-solr/core/ParameterStore.js - 304 Not Modified (0ms)
Served asset /application.js - 304 Not Modified (4ms)
Served asset /jquery.colorbox.js - 304 Not Modified (0ms)
Served asset /gmaps4rails/gmaps4rails.base.js - 304 Not Modified (0ms)
Served asset /gmaps4rails/gmaps4rails.googlemaps.js - 304 Not Modified (0ms)
Served asset /gmaps4rails/gmaps4rails.bing.js - 304 Not Modified (0ms)
Served asset /gmaps4rails/gmaps4rails.mapquest.js - 304 Not Modified (0ms)
Served asset /gmaps4rails/gmaps4rails.openlayers.js - 304 Not Modified (0ms)
Served asset /home.css - 304 Not Modified (0ms)
Served asset /home.js - 304 Not Modified (0ms)
Served asset /index.jpeg - 304 Not Modified (0ms)
Served asset /jquery-ui/ui-bg_flat_75_ffffff_40x100.png - 304 Not Modified (0ms)
Served asset /jquery-ui.css - 304 Not Modified (0ms)
Served asset /jquery.ui.core.css - 304 Not Modified (0ms)
Served asset /jquery.ui.theme.css - 304 Not Modified (0ms)
Served asset /jquery.ui.slider.css - 304 Not Modified (0ms)
Served asset /bootstrap.css - 304 Not Modified (0ms)
Served asset /jquery.fancybox.css - 304 Not Modified (0ms)
Served asset /application.css - 304 Not Modified (2ms)
Served asset /solr-autocomplete/jquery.autocomplete.css - 304 Not Modified (0ms)
Served asset /gmaps4rails.css - 304 Not Modified (0ms)
Served asset /jquery.js - 304 Not Modified (1ms)
Served asset /jquery-ui.js - 304 Not Modified (1ms)
Served asset /jquery_ujs.js - 304 Not Modified (0ms)
Served asset /jquery.ui.core.js - 304 Not Modified (1ms)
Served asset /jquery.ui.widget.js - 304 Not Modified (0ms)
Served asset /jquery.ui.mouse.js - 304 Not Modified (1ms)
Served asset /jquery.ui.slider.js - 304 Not Modified (1ms)
Served asset /underscore.js - 304 Not Modified (0ms)
Served asset /bootstrap.js - 304 Not Modified (0ms)
Served asset /jquery.fancybox.js - 304 Not Modified (0ms)
Served asset /solr-autocomplete/ajax-solr/core/Core.js - 304 Not Modified (0ms)
Served asset /solr-autocomplete/ajax-solr/core/AbstractManager.js - 304 Not Modified (0ms)
Served asset /solr-autocomplete/ajax-solr/managers/Manager.jquery.js - 304 Not Modified (0ms)
Served asset /solr-autocomplete/ajax-solr/core/Parameter.js - 304 Not Modified (0ms)
Served asset /solr-autocomplete/ajax-solr/core/ParameterStore.js - 304 Not Modified (0ms)
Served asset /application.js - 304 Not Modified (4ms)
Served asset /jquery.colorbox.js - 304 Not Modified (0ms)
Served asset /gmaps4rails/gmaps4rails.base.js - 304 Not Modified (0ms)
Served asset /gmaps4rails/gmaps4rails.googlemaps.js - 304 Not Modified (0ms)
Served asset /gmaps4rails/gmaps4rails.bing.js - 304 Not Modified (0ms)
Served asset /gmaps4rails/gmaps4rails.mapquest.js - 304 Not Modified (0ms)
Served asset /gmaps4rails/gmaps4rails.openlayers.js - 304 Not Modified (0ms)
Served asset /home.css - 304 Not Modified (0ms)
Served asset /home.js - 304 Not Modified (0ms)
Served asset /index.jpeg - 304 Not Modified (0ms)
Served asset /jquery-ui/ui-bg_flat_75_ffffff_40x100.png - 304 Not Modified (0ms)
Served asset /jquery-ui.css - 200 OK (0ms)
Served asset /jquery.ui.core.css - 200 OK (0ms)
Served asset /jquery.ui.theme.css - 200 OK (0ms)
Served asset /solr-autocomplete/jquery.autocomplete.css - 200 OK (0ms)
Served asset /jquery.ui.slider.css - 200 OK (0ms)
Served asset /bootstrap.css - 200 OK (0ms)
Served asset /jquery.fancybox.css - 200 OK (0ms)
Served asset /application.css - 200 OK (2ms)
Served asset /gmaps4rails.css - 200 OK (0ms)
Served asset /jquery.js - 200 OK (1ms)
Served asset /jquery-ui.js - 200 OK (1ms)
Served asset /jquery.ui.mouse.js - 200 OK (1ms)
Served asset /jquery.ui.core.js - 200 OK (1ms)
Served asset /jquery.ui.widget.js - 200 OK (0ms)
Served asset /jquery_ujs.js - 200 OK (0ms)
Served asset /jquery.ui.slider.js - 200 OK (1ms)
Served asset /bootstrap.js - 200 OK (0ms)
Served asset /jquery.fancybox.js - 200 OK (0ms)
Served asset /solr-autocomplete/ajax-solr/core/Core.js - 200 OK (0ms)
Served asset /solr-autocomplete/ajax-solr/core/AbstractManager.js - 200 OK (0ms)
Served asset /underscore.js - 200 OK (0ms)
Served asset /solr-autocomplete/ajax-solr/managers/Manager.jquery.js - 200 OK (0ms)
Served asset /solr-autocomplete/ajax-solr/core/Parameter.js - 200 OK (0ms)
Served asset /application.js - 200 OK (4ms)
Served asset /jquery.colorbox.js - 200 OK (0ms)
Served asset /gmaps4rails/gmaps4rails.base.js - 200 OK (0ms)
Served asset /gmaps4rails/gmaps4rails.googlemaps.js - 200 OK (0ms)
Served asset /solr-autocomplete/ajax-solr/core/ParameterStore.js - 200 OK (0ms)
Served asset /gmaps4rails/gmaps4rails.bing.js - 200 OK (0ms)
Served asset /gmaps4rails/gmaps4rails.mapquest.js - 200 OK (0ms)
Served asset /gmaps4rails/gmaps4rails.openlayers.js - 200 OK (0ms)
Served asset /home.css - 200 OK (0ms)
Served asset /home.js - 200 OK (0ms)
Served asset /index.jpeg - 200 OK (0ms)
Served asset /jquery-ui/ui-bg_flat_75_ffffff_40x100.png - 200 OK (0ms)
Served asset /jquery-ui.css - 200 OK (0ms)
Served asset /jquery.ui.core.css - 200 OK (0ms)
Served asset /jquery.ui.theme.css - 200 OK (0ms)
Served asset /jquery.ui.slider.css - 200 OK (1ms)
Served asset /bootstrap.css - 200 OK (0ms)
Served asset /jquery.fancybox.css - 200 OK (0ms)
Served asset /application.css - 200 OK (2ms)
Served asset /solr-autocomplete/jquery.autocomplete.css - 200 OK (0ms)
Served asset /gmaps4rails.css - 200 OK (0ms)
Served asset /jquery.js - 200 OK (1ms)
Served asset /jquery.ui.widget.js - 200 OK (0ms)
Served asset /jquery-ui.js - 200 OK (1ms)
Served asset /jquery.ui.core.js - 200 OK (1ms)
Served asset /jquery_ujs.js - 200 OK (0ms)
Served asset /jquery.ui.mouse.js - 200 OK (1ms)
Served asset /jquery.ui.slider.js - 200 OK (3ms)
Served asset /underscore.js - 200 OK (0ms)
Served asset /bootstrap.js - 200 OK (0ms)
Served asset /solr-autocomplete/ajax-solr/core/Core.js - 200 OK (0ms)
Served asset /solr-autocomplete/ajax-solr/core/AbstractManager.js - 200 OK (0ms)
Served asset /jquery.fancybox.js - 200 OK (0ms)
Served asset /solr-autocomplete/ajax-solr/managers/Manager.jquery.js - 200 OK (0ms)
Served asset /solr-autocomplete/ajax-solr/core/Parameter.js - 200 OK (0ms)
Served asset /solr-autocomplete/ajax-solr/core/ParameterStore.js - 200 OK (0ms)
Served asset /application.js - 200 OK (4ms)
Served asset /jquery.colorbox.js - 200 OK (0ms)
Served asset /gmaps4rails/gmaps4rails.googlemaps.js - 200 OK (0ms)
Served asset /gmaps4rails/gmaps4rails.bing.js - 200 OK (0ms)
Served asset /gmaps4rails/gmaps4rails.mapquest.js - 200 OK (0ms)
Served asset /gmaps4rails/gmaps4rails.base.js - 200 OK (0ms)
Served asset /gmaps4rails/gmaps4rails.openlayers.js - 200 OK (0ms)
Served asset /home.css - 200 OK (0ms)
Served asset /home.js - 200 OK (0ms)
Served asset /index.jpeg - 200 OK (0ms)
Served asset /jquery-ui/ui-bg_flat_75_ffffff_40x100.png - 200 OK (0ms)
