

Started GET "/home/results?commit=search&property_for=sale&search=&utf8=%E2%9C%93&what=&where=" for 127.0.0.1 at 2013-01-04 17:41:00 +0530
Processing by HomeController#results as HTML
  Parameters: {"commit"=>"search", "property_for"=>"sale", "search"=>"", "utf8"=>"✓", "what"=>"", "where"=>""}
  [1m[36mProperty Load (323.7ms)[0m  [1mSELECT `properties`.* FROM `properties` [0m
  [1m[35mEXPLAIN (0.5ms)[0m  EXPLAIN SELECT `properties`.* FROM `properties` 
EXPLAIN for: SELECT `properties`.* FROM `properties` 
+----+-------------+------------+------+---------------+------+---------+------+-------+-------+
| id | select_type | table      | type | possible_keys | key  | key_len | ref  | rows  | Extra |
+----+-------------+------------+------+---------------+------+---------+------+-------+-------+
|  1 | SIMPLE      | properties | ALL  | NULL          | NULL | NULL    | NULL | 17401 |       |
+----+-------------+------------+------+---------------+------+---------+------+-------+-------+
1 row in set (0.00 sec)

  [1m[32mSOLR Request (503.5ms)[0m  [ path=#<RSolr::Client:0xf03df90> parameters={data: [1m[1mfq=type%3AProperty&fq=property_for_s%3Asale&start=0&rows=10&facet=true&f.property_type_s.facet.mincount=1&facet.field=property_type_s&facet.field=bedrooms_i&facet.field=property_price_it&facet.field=city_s&facet.field=state_s&facet.field=built_up_area_s&facet.field=property_for_s&f.bedrooms_i.facet.mincount=1&f.property_price_it.facet.mincount=1&f.city_s.facet.mincount=1&f.state_s.facet.mincount=1&f.built_up_area_s.facet.mincount=1&f.property_for_s.facet.mincount=1&q=%2A%3A%2A[0m, method: [1m[1mpost[0m, params: [1m[1m{:wt=>:ruby}[0m, query: [1m[1mwt=ruby[0m, headers: [1m[1m{"Content-Type"=>"application/x-www-form-urlencoded; charset=UTF-8"}[0m, path: [1m[1mselect[0m, uri: [1m[1mhttp://localhost:8982/solr/select?wt=ruby[0m, open_timeout: [1m[1m[0m, read_timeout: [1m[1m[0m} ]
  [1m[36mProperty Load (0.3ms)[0m  [1mSELECT `properties`.* FROM `properties` WHERE `properties`.`id` IN (2, 3, 4, 5, 6, 7, 8, 9, 10, 18)[0m
  Rendered home/_regular_search.erb (3.7ms)
  Rendered home/_side_nav.html.erb (35.9ms)
  [1m[35mUser Load (0.1ms)[0m  SELECT `users`.* FROM `users` WHERE `users`.`id` = 20 LIMIT 1
  Rendered home/_result.html.erb (19.7ms)
  Rendered home/_view_results.html.erb (36.7ms)
  Rendered home/results.html.erb within layouts/application (96.1ms)
  [1m[36mProfile Load (0.2ms)[0m  [1mSELECT `profile`.* FROM `profile` WHERE `profile`.`user_id` = 20 LIMIT 1[0m
Completed 200 OK in 4820ms (Views: 657.2ms | ActiveRecord: 324.7ms | Solr: 503.5ms)


Started GET "/home/results?commit=search&property_for=sale&search=&utf8=%E2%9C%93&what=&where=&price_min=100000&price_max=9441889" for 127.0.0.1 at 2013-01-04 17:41:15 +0530
Processing by HomeController#results as HTML
  Parameters: {"commit"=>"search", "property_for"=>"sale", "search"=>"", "utf8"=>"✓", "what"=>"", "where"=>"", "price_min"=>"100000", "price_max"=>"9441889"}
  [1m[35mProperty Load (84.3ms)[0m  SELECT `properties`.* FROM `properties` 
  [1m[36mEXPLAIN (24.7ms)[0m  [1mEXPLAIN SELECT `properties`.* FROM `properties` [0m
EXPLAIN for: SELECT `properties`.* FROM `properties` 
+----+-------------+------------+------+---------------+------+---------+------+-------+-------+
| id | select_type | table      | type | possible_keys | key  | key_len | ref  | rows  | Extra |
+----+-------------+------------+------+---------------+------+---------+------+-------+-------+
|  1 | SIMPLE      | properties | ALL  | NULL          | NULL | NULL    | NULL | 17401 |       |
+----+-------------+------------+------+---------------+------+---------+------+-------+-------+
1 row in set (0.03 sec)

  [1m[32mSOLR Request (516.0ms)[0m  [ path=#<RSolr::Client:0xf03df90> parameters={data: [1m[1mfq=type%3AProperty&fq=property_for_s%3Asale&fq=property_price_it%3A%5B100000+TO+9441889%5D&start=0&rows=10&facet=true&f.property_type_s.facet.mincount=1&facet.field=property_type_s&facet.field=bedrooms_i&facet.field=property_price_it&facet.field=city_s&facet.field=state_s&facet.field=built_up_area_s&facet.field=property_for_s&f.bedrooms_i.facet.mincount=1&f.property_price_it.facet.mincount=1&f.city_s.facet.mincount=1&f.state_s.facet.mincount=1&f.built_up_area_s.facet.mincount=1&f.property_for_s.facet.mincount=1&q=%2A%3A%2A[0m, method: [1m[1mpost[0m, params: [1m[1m{:wt=>:ruby}[0m, query: [1m[1mwt=ruby[0m, headers: [1m[1m{"Content-Type"=>"application/x-www-form-urlencoded; charset=UTF-8"}[0m, path: [1m[1mselect[0m, uri: [1m[1mhttp://localhost:8982/solr/select?wt=ruby[0m, open_timeout: [1m[1m[0m, read_timeout: [1m[1m[0m} ]
  [1m[35mProperty Load (4.8ms)[0m  SELECT `properties`.* FROM `properties` WHERE `properties`.`id` IN (36, 37, 41, 43, 44, 45, 47, 51, 52, 56)
  Rendered home/_regular_search.erb (3.0ms)
  Rendered home/_side_nav.html.erb (29.3ms)
  [1m[36mUser Load (0.1ms)[0m  [1mSELECT `users`.* FROM `users` WHERE `users`.`id` = 20 LIMIT 1[0m
  Rendered home/_result.html.erb (21.2ms)
  Rendered home/_view_results.html.erb (40.0ms)
  Rendered home/results.html.erb within layouts/application (76.2ms)
  [1m[35mProfile Load (0.2ms)[0m  SELECT `profile`.* FROM `profile` WHERE `profile`.`user_id` = 20 LIMIT 1
Completed 200 OK in 3969ms (Views: 327.6ms | ActiveRecord: 114.2ms | Solr: 516.0ms)


Started GET "/home/results?commit=search&property_for=sale&search=&utf8=%E2%9C%93&what=&where=&price_min=100000&price_max=9305023" for 127.0.0.1 at 2013-01-04 17:41:19 +0530
Processing by HomeController#results as HTML
  Parameters: {"commit"=>"search", "property_for"=>"sale", "search"=>"", "utf8"=>"✓", "what"=>"", "where"=>"", "price_min"=>"100000", "price_max"=>"9305023"}
  [1m[36mProperty Load (82.3ms)[0m  [1mSELECT `properties`.* FROM `properties` [0m
  [1m[35mEXPLAIN (0.3ms)[0m  EXPLAIN SELECT `properties`.* FROM `properties` 
EXPLAIN for: SELECT `properties`.* FROM `properties` 
+----+-------------+------------+------+---------------+------+---------+------+-------+-------+
| id | select_type | table      | type | possible_keys | key  | key_len | ref  | rows  | Extra |
+----+-------------+------------+------+---------------+------+---------+------+-------+-------+
|  1 | SIMPLE      | properties | ALL  | NULL          | NULL | NULL    | NULL | 17401 |       |
+----+-------------+------------+------+---------------+------+---------+------+-------+-------+
1 row in set (0.00 sec)

  [1m[32mSOLR Request (91.9ms)[0m  [ path=#<RSolr::Client:0xf03df90> parameters={data: [1m[1mfq=type%3AProperty&fq=property_for_s%3Asale&fq=property_price_it%3A%5B100000+TO+9305023%5D&start=0&rows=10&facet=true&f.property_type_s.facet.mincount=1&facet.field=property_type_s&facet.field=bedrooms_i&facet.field=property_price_it&facet.field=city_s&facet.field=state_s&facet.field=built_up_area_s&facet.field=property_for_s&f.bedrooms_i.facet.mincount=1&f.property_price_it.facet.mincount=1&f.city_s.facet.mincount=1&f.state_s.facet.mincount=1&f.built_up_area_s.facet.mincount=1&f.property_for_s.facet.mincount=1&q=%2A%3A%2A[0m, method: [1m[1mpost[0m, params: [1m[1m{:wt=>:ruby}[0m, query: [1m[1mwt=ruby[0m, headers: [1m[1m{"Content-Type"=>"application/x-www-form-urlencoded; charset=UTF-8"}[0m, path: [1m[1mselect[0m, uri: [1m[1mhttp://localhost:8982/solr/select?wt=ruby[0m, open_timeout: [1m[1m[0m, read_timeout: [1m[1m[0m} ]
  [1m[36mProperty Load (0.2ms)[0m  [1mSELECT `properties`.* FROM `properties` WHERE `properties`.`id` IN (36, 37, 41, 43, 44, 45, 47, 51, 52, 56)[0m
  Rendered home/_regular_search.erb (2.8ms)
  Rendered home/_side_nav.html.erb (289.0ms)
  [1m[35mUser Load (0.3ms)[0m  SELECT `users`.* FROM `users` WHERE `users`.`id` = 20 LIMIT 1
  Rendered home/_result.html.erb (25.2ms)
  Rendered home/_view_results.html.erb (45.0ms)
  Rendered home/results.html.erb within layouts/application (342.1ms)
  [1m[36mProfile Load (0.2ms)[0m  [1mSELECT `profile`.* FROM `profile` WHERE `profile`.`user_id` = 20 LIMIT 1[0m
Completed 200 OK in 3399ms (Views: 385.7ms | ActiveRecord: 83.3ms | Solr: 91.9ms)


Started GET "/home/results?commit=search&property_for=sale&search=&utf8=%E2%9C%93&what=&where=&price_min=100000&price_max=9259401" for 127.0.0.1 at 2013-01-04 17:41:23 +0530
Processing by HomeController#results as HTML
  Parameters: {"commit"=>"search", "property_for"=>"sale", "search"=>"", "utf8"=>"✓", "what"=>"", "where"=>"", "price_min"=>"100000", "price_max"=>"9259401"}
  [1m[35mProperty Load (85.9ms)[0m  SELECT `properties`.* FROM `properties` 
  [1m[36mEXPLAIN (18.4ms)[0m  [1mEXPLAIN SELECT `properties`.* FROM `properties` [0m
EXPLAIN for: SELECT `properties`.* FROM `properties` 
+----+-------------+------------+------+---------------+------+---------+------+-------+-------+
| id | select_type | table      | type | possible_keys | key  | key_len | ref  | rows  | Extra |
+----+-------------+------------+------+---------------+------+---------+------+-------+-------+
|  1 | SIMPLE      | properties | ALL  | NULL          | NULL | NULL    | NULL | 17401 |       |
+----+-------------+------------+------+---------------+------+---------+------+-------+-------+
1 row in set (0.02 sec)

  [1m[32mSOLR Request (155.8ms)[0m  [ path=#<RSolr::Client:0xf03df90> parameters={data: [1m[1mfq=type%3AProperty&fq=property_for_s%3Asale&fq=property_price_it%3A%5B100000+TO+9259401%5D&start=0&rows=10&facet=true&f.property_type_s.facet.mincount=1&facet.field=property_type_s&facet.field=bedrooms_i&facet.field=property_price_it&facet.field=city_s&facet.field=state_s&facet.field=built_up_area_s&facet.field=property_for_s&f.bedrooms_i.facet.mincount=1&f.property_price_it.facet.mincount=1&f.city_s.facet.mincount=1&f.state_s.facet.mincount=1&f.built_up_area_s.facet.mincount=1&f.property_for_s.facet.mincount=1&q=%2A%3A%2A[0m, method: [1m[1mpost[0m, params: [1m[1m{:wt=>:ruby}[0m, query: [1m[1mwt=ruby[0m, headers: [1m[1m{"Content-Type"=>"application/x-www-form-urlencoded; charset=UTF-8"}[0m, path: [1m[1mselect[0m, uri: [1m[1mhttp://localhost:8982/solr/select?wt=ruby[0m, open_timeout: [1m[1m[0m, read_timeout: [1m[1m[0m} ]
  [1m[35mProperty Load (0.2ms)[0m  SELECT `properties`.* FROM `properties` WHERE `properties`.`id` IN (36, 37, 41, 43, 44, 45, 47, 51, 52, 56)
  Rendered home/_regular_search.erb (3.0ms)
  Rendered home/_side_nav.html.erb (27.9ms)
  [1m[36mUser Load (0.1ms)[0m  [1mSELECT `users`.* FROM `users` WHERE `users`.`id` = 20 LIMIT 1[0m
  Rendered home/_result.html.erb (241.9ms)
  Rendered home/_view_results.html.erb (263.2ms)
  Rendered home/results.html.erb within layouts/application (298.4ms)
  [1m[35mProfile Load (0.2ms)[0m  SELECT `profile`.* FROM `profile` WHERE `profile`.`user_id` = 20 LIMIT 1
Completed 200 OK in 3515ms (Views: 344.5ms | ActiveRecord: 104.8ms | Solr: 155.8ms)


Started GET "/home/results?commit=search&property_for=sale&search=&utf8=%E2%9C%93&what=&where=&price_min=100000&price_max=9259401" for 127.0.0.1 at 2013-01-04 17:42:18 +0530
Processing by HomeController#results as HTML
  Parameters: {"commit"=>"search", "property_for"=>"sale", "search"=>"", "utf8"=>"✓", "what"=>"", "where"=>"", "price_min"=>"100000", "price_max"=>"9259401"}
  [1m[36mProperty Load (96.0ms)[0m  [1mSELECT `properties`.* FROM `properties` [0m
  [1m[35mEXPLAIN (8.6ms)[0m  EXPLAIN SELECT `properties`.* FROM `properties` 
EXPLAIN for: SELECT `properties`.* FROM `properties` 
+----+-------------+------------+------+---------------+------+---------+------+-------+-------+
| id | select_type | table      | type | possible_keys | key  | key_len | ref  | rows  | Extra |
+----+-------------+------------+------+---------------+------+---------+------+-------+-------+
|  1 | SIMPLE      | properties | ALL  | NULL          | NULL | NULL    | NULL | 17401 |       |
+----+-------------+------------+------+---------------+------+---------+------+-------+-------+
1 row in set (0.01 sec)

  [1m[32mSOLR Request (111.2ms)[0m  [ path=#<RSolr::Client:0xf03df90> parameters={data: [1m[1mfq=type%3AProperty&fq=property_for_s%3Asale&fq=property_price_it%3A%5B100000+TO+9259401%5D&start=0&rows=10&facet=true&f.property_type_s.facet.mincount=1&facet.field=property_type_s&facet.field=bedrooms_i&facet.field=property_price_it&facet.field=city_s&facet.field=state_s&facet.field=built_up_area_s&facet.field=property_for_s&f.bedrooms_i.facet.mincount=1&f.property_price_it.facet.mincount=1&f.city_s.facet.mincount=1&f.state_s.facet.mincount=1&f.built_up_area_s.facet.mincount=1&f.property_for_s.facet.mincount=1&q=%2A%3A%2A[0m, method: [1m[1mpost[0m, params: [1m[1m{:wt=>:ruby}[0m, query: [1m[1mwt=ruby[0m, headers: [1m[1m{"Content-Type"=>"application/x-www-form-urlencoded; charset=UTF-8"}[0m, path: [1m[1mselect[0m, uri: [1m[1mhttp://localhost:8982/solr/select?wt=ruby[0m, open_timeout: [1m[1m[0m, read_timeout: [1m[1m[0m} ]
  [1m[36mProperty Load (0.4ms)[0m  [1mSELECT `properties`.* FROM `properties` WHERE `properties`.`id` IN (36, 37, 41, 43, 44, 45, 47, 51, 52, 56)[0m
  Rendered home/_regular_search.erb (3.1ms)
  Rendered home/_side_nav.html.erb (29.8ms)
  [1m[35mUser Load (0.1ms)[0m  SELECT `users`.* FROM `users` WHERE `users`.`id` = 20 LIMIT 1
  Rendered home/_result.html.erb (238.0ms)
  Rendered home/_view_results.html.erb (257.2ms)
  Rendered home/results.html.erb within layouts/application (299.1ms)
  [1m[36mProfile Load (0.1ms)[0m  [1mSELECT `profile`.* FROM `profile` WHERE `profile`.`user_id` = 20 LIMIT 1[0m
Completed 200 OK in 3391ms (Views: 342.6ms | ActiveRecord: 105.2ms | Solr: 111.2ms)


Started GET "/home/results?commit=search&property_for=sale&search=&utf8=%E2%9C%93&what=&where=&price_min=100000&price_max=9259401&price_min=226221&price_max=9259401" for 127.0.0.1 at 2013-01-04 17:45:09 +0530
Processing by HomeController#results as HTML
  Parameters: {"commit"=>"search", "property_for"=>"sale", "search"=>"", "utf8"=>"✓", "what"=>"", "where"=>"", "price_min"=>"226221", "price_max"=>"9259401"}
  [1m[35mProperty Load (95.4ms)[0m  SELECT `properties`.* FROM `properties` 
  [1m[36mEXPLAIN (8.6ms)[0m  [1mEXPLAIN SELECT `properties`.* FROM `properties` [0m
EXPLAIN for: SELECT `properties`.* FROM `properties` 
+----+-------------+------------+------+---------------+------+---------+------+-------+-------+
| id | select_type | table      | type | possible_keys | key  | key_len | ref  | rows  | Extra |
+----+-------------+------------+------+---------------+------+---------+------+-------+-------+
|  1 | SIMPLE      | properties | ALL  | NULL          | NULL | NULL    | NULL | 17401 |       |
+----+-------------+------------+------+---------------+------+---------+------+-------+-------+
1 row in set (0.01 sec)

  [1m[32mSOLR Request (53.8ms)[0m  [ path=#<RSolr::Client:0xf03df90> parameters={data: [1m[1mfq=type%3AProperty&fq=property_for_s%3Asale&fq=property_price_it%3A%5B226221+TO+9259401%5D&start=0&rows=10&facet=true&f.property_type_s.facet.mincount=1&facet.field=property_type_s&facet.field=bedrooms_i&facet.field=property_price_it&facet.field=city_s&facet.field=state_s&facet.field=built_up_area_s&facet.field=property_for_s&f.bedrooms_i.facet.mincount=1&f.property_price_it.facet.mincount=1&f.city_s.facet.mincount=1&f.state_s.facet.mincount=1&f.built_up_area_s.facet.mincount=1&f.property_for_s.facet.mincount=1&q=%2A%3A%2A[0m, method: [1m[1mpost[0m, params: [1m[1m{:wt=>:ruby}[0m, query: [1m[1mwt=ruby[0m, headers: [1m[1m{"Content-Type"=>"application/x-www-form-urlencoded; charset=UTF-8"}[0m, path: [1m[1mselect[0m, uri: [1m[1mhttp://localhost:8982/solr/select?wt=ruby[0m, open_timeout: [1m[1m[0m, read_timeout: [1m[1m[0m} ]
  [1m[35mProperty Load (0.9ms)[0m  SELECT `properties`.* FROM `properties` WHERE `properties`.`id` IN (36, 37, 41, 43, 44, 45, 47, 51, 52, 56)
  Rendered home/_regular_search.erb (2.9ms)
  Rendered home/_side_nav.html.erb (27.9ms)
  [1m[36mUser Load (0.2ms)[0m  [1mSELECT `users`.* FROM `users` WHERE `users`.`id` = 20 LIMIT 1[0m
  Rendered home/_result.html.erb (237.9ms)
  Rendered home/_view_results.html.erb (257.1ms)
  Rendered home/results.html.erb within layouts/application (292.5ms)
  [1m[35mProfile Load (0.2ms)[0m  SELECT `profile`.* FROM `profile` WHERE `profile`.`user_id` = 20 LIMIT 1
Completed 200 OK in 3085ms (Views: 339.9ms | ActiveRecord: 105.3ms | Solr: 53.8ms)


Started GET "/home/results?commit=search&property_for=sale&search=&utf8=%E2%9C%93&what=&where=&price_min=100000&price_max=9259401&price_min=271843&price_max=9259401" for 127.0.0.1 at 2013-01-04 17:45:12 +0530
Processing by HomeController#results as HTML
  Parameters: {"commit"=>"search", "property_for"=>"sale", "search"=>"", "utf8"=>"✓", "what"=>"", "where"=>"", "price_min"=>"271843", "price_max"=>"9259401"}
  [1m[36mProperty Load (92.1ms)[0m  [1mSELECT `properties`.* FROM `properties` [0m
  [1m[35mEXPLAIN (26.9ms)[0m  EXPLAIN SELECT `properties`.* FROM `properties` 
EXPLAIN for: SELECT `properties`.* FROM `properties` 
+----+-------------+------------+------+---------------+------+---------+------+-------+-------+
| id | select_type | table      | type | possible_keys | key  | key_len | ref  | rows  | Extra |
+----+-------------+------------+------+---------------+------+---------+------+-------+-------+
|  1 | SIMPLE      | properties | ALL  | NULL          | NULL | NULL    | NULL | 17401 |       |
+----+-------------+------------+------+---------------+------+---------+------+-------+-------+
1 row in set (0.03 sec)

  [1m[32mSOLR Request (51.5ms)[0m  [ path=#<RSolr::Client:0xf03df90> parameters={data: [1m[1mfq=type%3AProperty&fq=property_for_s%3Asale&fq=property_price_it%3A%5B271843+TO+9259401%5D&start=0&rows=10&facet=true&f.property_type_s.facet.mincount=1&facet.field=property_type_s&facet.field=bedrooms_i&facet.field=property_price_it&facet.field=city_s&facet.field=state_s&facet.field=built_up_area_s&facet.field=property_for_s&f.bedrooms_i.facet.mincount=1&f.property_price_it.facet.mincount=1&f.city_s.facet.mincount=1&f.state_s.facet.mincount=1&f.built_up_area_s.facet.mincount=1&f.property_for_s.facet.mincount=1&q=%2A%3A%2A[0m, method: [1m[1mpost[0m, params: [1m[1m{:wt=>:ruby}[0m, query: [1m[1mwt=ruby[0m, headers: [1m[1m{"Content-Type"=>"application/x-www-form-urlencoded; charset=UTF-8"}[0m, path: [1m[1mselect[0m, uri: [1m[1mhttp://localhost:8982/solr/select?wt=ruby[0m, open_timeout: [1m[1m[0m, read_timeout: [1m[1m[0m} ]
  [1m[36mProperty Load (0.3ms)[0m  [1mSELECT `properties`.* FROM `properties` WHERE `properties`.`id` IN (36, 37, 41, 43, 44, 45, 47, 51, 52, 56)[0m
  Rendered home/_regular_search.erb (3.1ms)
  Rendered home/_side_nav.html.erb (28.3ms)
  [1m[35mUser Load (0.1ms)[0m  SELECT `users`.* FROM `users` WHERE `users`.`id` = 20 LIMIT 1
  Rendered home/_result.html.erb (19.0ms)
  Rendered home/_view_results.html.erb (37.3ms)
  Rendered home/results.html.erb within layouts/application (72.5ms)
  [1m[36mProfile Load (0.2ms)[0m  [1mSELECT `profile`.* FROM `profile` WHERE `profile`.`user_id` = 20 LIMIT 1[0m
Completed 200 OK in 3392ms (Views: 317.9ms | ActiveRecord: 119.6ms | Solr: 51.5ms)


Started GET "/home/results?commit=search&property_for=sale&search=&utf8=%E2%9C%93&what=&where=&price_min=100000&price_max=9259401&price_min=636820&price_max=9259401" for 127.0.0.1 at 2013-01-04 17:45:15 +0530
Processing by HomeController#results as HTML
  Parameters: {"commit"=>"search", "property_for"=>"sale", "search"=>"", "utf8"=>"✓", "what"=>"", "where"=>"", "price_min"=>"636820", "price_max"=>"9259401"}
  [1m[35mProperty Load (87.3ms)[0m  SELECT `properties`.* FROM `properties` 
  [1m[36mEXPLAIN (0.5ms)[0m  [1mEXPLAIN SELECT `properties`.* FROM `properties` [0m
EXPLAIN for: SELECT `properties`.* FROM `properties` 
+----+-------------+------------+------+---------------+------+---------+------+-------+-------+
| id | select_type | table      | type | possible_keys | key  | key_len | ref  | rows  | Extra |
+----+-------------+------------+------+---------------+------+---------+------+-------+-------+
|  1 | SIMPLE      | properties | ALL  | NULL          | NULL | NULL    | NULL | 17401 |       |
+----+-------------+------------+------+---------------+------+---------+------+-------+-------+
1 row in set (0.00 sec)

  [1m[32mSOLR Request (69.2ms)[0m  [ path=#<RSolr::Client:0xf03df90> parameters={data: [1m[1mfq=type%3AProperty&fq=property_for_s%3Asale&fq=property_price_it%3A%5B636820+TO+9259401%5D&start=0&rows=10&facet=true&f.property_type_s.facet.mincount=1&facet.field=property_type_s&facet.field=bedrooms_i&facet.field=property_price_it&facet.field=city_s&facet.field=state_s&facet.field=built_up_area_s&facet.field=property_for_s&f.bedrooms_i.facet.mincount=1&f.property_price_it.facet.mincount=1&f.city_s.facet.mincount=1&f.state_s.facet.mincount=1&f.built_up_area_s.facet.mincount=1&f.property_for_s.facet.mincount=1&q=%2A%3A%2A[0m, method: [1m[1mpost[0m, params: [1m[1m{:wt=>:ruby}[0m, query: [1m[1mwt=ruby[0m, headers: [1m[1m{"Content-Type"=>"application/x-www-form-urlencoded; charset=UTF-8"}[0m, path: [1m[1mselect[0m, uri: [1m[1mhttp://localhost:8982/solr/select?wt=ruby[0m, open_timeout: [1m[1m[0m, read_timeout: [1m[1m[0m} ]
  [1m[35mProperty Load (0.1ms)[0m  SELECT `properties`.* FROM `properties` WHERE `properties`.`id` IN (37, 41, 43, 44, 45, 47, 51, 52, 56, 58)
  Rendered home/_regular_search.erb (2.8ms)
  Rendered home/_side_nav.html.erb (316.9ms)
  [1m[36mUser Load (0.2ms)[0m  [1mSELECT `users`.* FROM `users` WHERE `users`.`id` = 20 LIMIT 1[0m
  Rendered home/_result.html.erb (37.8ms)
  Rendered home/_view_results.html.erb (57.5ms)
  Rendered home/results.html.erb within layouts/application (381.7ms)
  [1m[35mProfile Load (0.2ms)[0m  SELECT `profile`.* FROM `profile` WHERE `profile`.`user_id` = 20 LIMIT 1
Completed 200 OK in 3355ms (Views: 430.8ms | ActiveRecord: 88.3ms | Solr: 69.2ms)


Started GET "/home/results?commit=search&property_for=sale&search=&utf8=%E2%9C%93&what=&where=&price_min=100000&price_max=9259401&price_min=682442&price_max=9259401" for 127.0.0.1 at 2013-01-04 17:45:19 +0530
Processing by HomeController#results as HTML
  Parameters: {"commit"=>"search", "property_for"=>"sale", "search"=>"", "utf8"=>"✓", "what"=>"", "where"=>"", "price_min"=>"682442", "price_max"=>"9259401"}
  [1m[36mProperty Load (95.6ms)[0m  [1mSELECT `properties`.* FROM `properties` [0m
  [1m[35mEXPLAIN (16.5ms)[0m  EXPLAIN SELECT `properties`.* FROM `properties` 
EXPLAIN for: SELECT `properties`.* FROM `properties` 
+----+-------------+------------+------+---------------+------+---------+------+-------+-------+
| id | select_type | table      | type | possible_keys | key  | key_len | ref  | rows  | Extra |
+----+-------------+------------+------+---------------+------+---------+------+-------+-------+
|  1 | SIMPLE      | properties | ALL  | NULL          | NULL | NULL    | NULL | 17401 |       |
+----+-------------+------------+------+---------------+------+---------+------+-------+-------+
1 row in set (0.02 sec)

  [1m[32mSOLR Request (66.4ms)[0m  [ path=#<RSolr::Client:0xf03df90> parameters={data: [1m[1mfq=type%3AProperty&fq=property_for_s%3Asale&fq=property_price_it%3A%5B682442+TO+9259401%5D&start=0&rows=10&facet=true&f.property_type_s.facet.mincount=1&facet.field=property_type_s&facet.field=bedrooms_i&facet.field=property_price_it&facet.field=city_s&facet.field=state_s&facet.field=built_up_area_s&facet.field=property_for_s&f.bedrooms_i.facet.mincount=1&f.property_price_it.facet.mincount=1&f.city_s.facet.mincount=1&f.state_s.facet.mincount=1&f.built_up_area_s.facet.mincount=1&f.property_for_s.facet.mincount=1&q=%2A%3A%2A[0m, method: [1m[1mpost[0m, params: [1m[1m{:wt=>:ruby}[0m, query: [1m[1mwt=ruby[0m, headers: [1m[1m{"Content-Type"=>"application/x-www-form-urlencoded; charset=UTF-8"}[0m, path: [1m[1mselect[0m, uri: [1m[1mhttp://localhost:8982/solr/select?wt=ruby[0m, open_timeout: [1m[1m[0m, read_timeout: [1m[1m[0m} ]
  [1m[36mProperty Load (0.4ms)[0m  [1mSELECT `properties`.* FROM `properties` WHERE `properties`.`id` IN (37, 41, 43, 44, 45, 47, 51, 52, 56, 58)[0m
  Rendered home/_regular_search.erb (3.1ms)
  Rendered home/_side_nav.html.erb (27.4ms)
  [1m[35mUser Load (0.1ms)[0m  SELECT `users`.* FROM `users` WHERE `users`.`id` = 20 LIMIT 1
  Rendered home/_result.html.erb (227.8ms)
  Rendered home/_view_results.html.erb (246.6ms)
  Rendered home/results.html.erb within layouts/application (281.4ms)
  [1m[36mProfile Load (0.2ms)[0m  [1mSELECT `profile`.* FROM `profile` WHERE `profile`.`user_id` = 20 LIMIT 1[0m
Completed 200 OK in 3393ms (Views: 324.6ms | ActiveRecord: 112.8ms | Solr: 66.4ms)


Started GET "/home/results?commit=search&property_for=sale&search=&utf8=%E2%9C%93&what=&where=&price_min=100000&price_max=9259401&price_min=1321152&price_max=9259401" for 127.0.0.1 at 2013-01-04 17:45:22 +0530
Processing by HomeController#results as HTML
  Parameters: {"commit"=>"search", "property_for"=>"sale", "search"=>"", "utf8"=>"✓", "what"=>"", "where"=>"", "price_min"=>"1321152", "price_max"=>"9259401"}
  [1m[35mProperty Load (92.6ms)[0m  SELECT `properties`.* FROM `properties` 
  [1m[36mEXPLAIN (0.3ms)[0m  [1mEXPLAIN SELECT `properties`.* FROM `properties` [0m
EXPLAIN for: SELECT `properties`.* FROM `properties` 
+----+-------------+------------+------+---------------+------+---------+------+-------+-------+
| id | select_type | table      | type | possible_keys | key  | key_len | ref  | rows  | Extra |
+----+-------------+------------+------+---------------+------+---------+------+-------+-------+
|  1 | SIMPLE      | properties | ALL  | NULL          | NULL | NULL    | NULL | 17401 |       |
+----+-------------+------------+------+---------------+------+---------+------+-------+-------+
1 row in set (0.00 sec)

  [1m[32mSOLR Request (59.9ms)[0m  [ path=#<RSolr::Client:0xf03df90> parameters={data: [1m[1mfq=type%3AProperty&fq=property_for_s%3Asale&fq=property_price_it%3A%5B1321152+TO+9259401%5D&start=0&rows=10&facet=true&f.property_type_s.facet.mincount=1&facet.field=property_type_s&facet.field=bedrooms_i&facet.field=property_price_it&facet.field=city_s&facet.field=state_s&facet.field=built_up_area_s&facet.field=property_for_s&f.bedrooms_i.facet.mincount=1&f.property_price_it.facet.mincount=1&f.city_s.facet.mincount=1&f.state_s.facet.mincount=1&f.built_up_area_s.facet.mincount=1&f.property_for_s.facet.mincount=1&q=%2A%3A%2A[0m, method: [1m[1mpost[0m, params: [1m[1m{:wt=>:ruby}[0m, query: [1m[1mwt=ruby[0m, headers: [1m[1m{"Content-Type"=>"application/x-www-form-urlencoded; charset=UTF-8"}[0m, path: [1m[1mselect[0m, uri: [1m[1mhttp://localhost:8982/solr/select?wt=ruby[0m, open_timeout: [1m[1m[0m, read_timeout: [1m[1m[0m} ]
  [1m[35mProperty Load (0.4ms)[0m  SELECT `properties`.* FROM `properties` WHERE `properties`.`id` IN (37, 41, 43, 44, 45, 47, 51, 52, 56, 58)
  Rendered home/_regular_search.erb (3.2ms)
  Rendered home/_side_nav.html.erb (31.2ms)
  [1m[36mUser Load (0.2ms)[0m  [1mSELECT `users`.* FROM `users` WHERE `users`.`id` = 20 LIMIT 1[0m
  Rendered home/_result.html.erb (21.3ms)
  Rendered home/_view_results.html.erb (39.8ms)
  Rendered home/results.html.erb within layouts/application (78.6ms)
  [1m[35mProfile Load (0.2ms)[0m  SELECT `profile`.* FROM `profile` WHERE `profile`.`user_id` = 20 LIMIT 1
Completed 200 OK in 3493ms (Views: 318.8ms | ActiveRecord: 93.6ms | Solr: 59.9ms)


Started GET "/home/results?commit=search&property_for=sale&search=&utf8=%E2%9C%93&what=&where=&price_min=100000&price_max=9259401&price_min=1412396&price_max=9259401" for 127.0.0.1 at 2013-01-04 17:45:26 +0530
Processing by HomeController#results as HTML
  Parameters: {"commit"=>"search", "property_for"=>"sale", "search"=>"", "utf8"=>"✓", "what"=>"", "where"=>"", "price_min"=>"1412396", "price_max"=>"9259401"}
  [1m[36mProperty Load (93.3ms)[0m  [1mSELECT `properties`.* FROM `properties` [0m
  [1m[35mEXPLAIN (0.8ms)[0m  EXPLAIN SELECT `properties`.* FROM `properties` 
EXPLAIN for: SELECT `properties`.* FROM `properties` 
+----+-------------+------------+------+---------------+------+---------+------+-------+-------+
| id | select_type | table      | type | possible_keys | key  | key_len | ref  | rows  | Extra |
+----+-------------+------------+------+---------------+------+---------+------+-------+-------+
|  1 | SIMPLE      | properties | ALL  | NULL          | NULL | NULL    | NULL | 17401 |       |
+----+-------------+------------+------+---------------+------+---------+------+-------+-------+
1 row in set (0.00 sec)

  [1m[32mSOLR Request (69.4ms)[0m  [ path=#<RSolr::Client:0xf03df90> parameters={data: [1m[1mfq=type%3AProperty&fq=property_for_s%3Asale&fq=property_price_it%3A%5B1412396+TO+9259401%5D&start=0&rows=10&facet=true&f.property_type_s.facet.mincount=1&facet.field=property_type_s&facet.field=bedrooms_i&facet.field=property_price_it&facet.field=city_s&facet.field=state_s&facet.field=built_up_area_s&facet.field=property_for_s&f.bedrooms_i.facet.mincount=1&f.property_price_it.facet.mincount=1&f.city_s.facet.mincount=1&f.state_s.facet.mincount=1&f.built_up_area_s.facet.mincount=1&f.property_for_s.facet.mincount=1&q=%2A%3A%2A[0m, method: [1m[1mpost[0m, params: [1m[1m{:wt=>:ruby}[0m, query: [1m[1mwt=ruby[0m, headers: [1m[1m{"Content-Type"=>"application/x-www-form-urlencoded; charset=UTF-8"}[0m, path: [1m[1mselect[0m, uri: [1m[1mhttp://localhost:8982/solr/select?wt=ruby[0m, open_timeout: [1m[1m[0m, read_timeout: [1m[1m[0m} ]
  [1m[36mProperty Load (0.2ms)[0m  [1mSELECT `properties`.* FROM `properties` WHERE `properties`.`id` IN (37, 41, 43, 44, 45, 47, 51, 52, 56, 58)[0m
  Rendered home/_regular_search.erb (2.9ms)
  Rendered home/_side_nav.html.erb (28.1ms)
  [1m[35mUser Load (0.2ms)[0m  SELECT `users`.* FROM `users` WHERE `users`.`id` = 20 LIMIT 1
  Rendered home/_result.html.erb (270.7ms)
  Rendered home/_view_results.html.erb (290.0ms)
  Rendered home/results.html.erb within layouts/application (325.1ms)
  [1m[36mProfile Load (0.1ms)[0m  [1mSELECT `profile`.* FROM `profile` WHERE `profile`.`user_id` = 20 LIMIT 1[0m
Completed 200 OK in 3413ms (Views: 368.2ms | ActiveRecord: 94.5ms | Solr: 69.4ms)


Started GET "/home/results?commit=search&property_for=sale&search=&utf8=%E2%9C%93&what=&where=&price_min=100000&price_max=9259401&price_min=1503640&price_max=9259401" for 127.0.0.1 at 2013-01-04 17:45:29 +0530
Processing by HomeController#results as HTML
  Parameters: {"commit"=>"search", "property_for"=>"sale", "search"=>"", "utf8"=>"✓", "what"=>"", "where"=>"", "price_min"=>"1503640", "price_max"=>"9259401"}
  [1m[35mProperty Load (81.0ms)[0m  SELECT `properties`.* FROM `properties` 
  [1m[36mEXPLAIN (17.5ms)[0m  [1mEXPLAIN SELECT `properties`.* FROM `properties` [0m
EXPLAIN for: SELECT `properties`.* FROM `properties` 
+----+-------------+------------+------+---------------+------+---------+------+-------+-------+
| id | select_type | table      | type | possible_keys | key  | key_len | ref  | rows  | Extra |
+----+-------------+------------+------+---------------+------+---------+------+-------+-------+
|  1 | SIMPLE      | properties | ALL  | NULL          | NULL | NULL    | NULL | 17401 |       |
+----+-------------+------------+------+---------------+------+---------+------+-------+-------+
1 row in set (0.02 sec)

  [1m[32mSOLR Request (172.0ms)[0m  [ path=#<RSolr::Client:0xf03df90> parameters={data: [1m[1mfq=type%3AProperty&fq=property_for_s%3Asale&fq=property_price_it%3A%5B1503640+TO+9259401%5D&start=0&rows=10&facet=true&f.property_type_s.facet.mincount=1&facet.field=property_type_s&facet.field=bedrooms_i&facet.field=property_price_it&facet.field=city_s&facet.field=state_s&facet.field=built_up_area_s&facet.field=property_for_s&f.bedrooms_i.facet.mincount=1&f.property_price_it.facet.mincount=1&f.city_s.facet.mincount=1&f.state_s.facet.mincount=1&f.built_up_area_s.facet.mincount=1&f.property_for_s.facet.mincount=1&q=%2A%3A%2A[0m, method: [1m[1mpost[0m, params: [1m[1m{:wt=>:ruby}[0m, query: [1m[1mwt=ruby[0m, headers: [1m[1m{"Content-Type"=>"application/x-www-form-urlencoded; charset=UTF-8"}[0m, path: [1m[1mselect[0m, uri: [1m[1mhttp://localhost:8982/solr/select?wt=ruby[0m, open_timeout: [1m[1m[0m, read_timeout: [1m[1m[0m} ]
  [1m[35mProperty Load (0.2ms)[0m  SELECT `properties`.* FROM `properties` WHERE `properties`.`id` IN (37, 41, 43, 44, 45, 47, 51, 52, 56, 58)
  Rendered home/_regular_search.erb (12.5ms)
  Rendered home/_side_nav.html.erb (47.1ms)
  [1m[36mUser Load (8.3ms)[0m  [1mSELECT `users`.* FROM `users` WHERE `users`.`id` = 20 LIMIT 1[0m
  Rendered home/_result.html.erb (330.1ms)
  Rendered home/_view_results.html.erb (362.0ms)
  Rendered home/results.html.erb within layouts/application (426.6ms)
  [1m[35mProfile Load (0.2ms)[0m  SELECT `profile`.* FROM `profile` WHERE `profile`.`user_id` = 20 LIMIT 1
Completed 200 OK in 3810ms (Views: 477.1ms | ActiveRecord: 107.2ms | Solr: 172.0ms)


Started GET "/home/results?commit=search&property_for=sale&search=&utf8=%E2%9C%93&what=&where=&price_min=100000&price_max=9259401&price_min=1640507&price_max=9259401" for 127.0.0.1 at 2013-01-04 17:45:33 +0530
Processing by HomeController#results as HTML
  Parameters: {"commit"=>"search", "property_for"=>"sale", "search"=>"", "utf8"=>"✓", "what"=>"", "where"=>"", "price_min"=>"1640507", "price_max"=>"9259401"}
  [1m[36mProperty Load (95.1ms)[0m  [1mSELECT `properties`.* FROM `properties` [0m
  [1m[35mEXPLAIN (0.6ms)[0m  EXPLAIN SELECT `properties`.* FROM `properties` 
EXPLAIN for: SELECT `properties`.* FROM `properties` 
+----+-------------+------------+------+---------------+------+---------+------+-------+-------+
| id | select_type | table      | type | possible_keys | key  | key_len | ref  | rows  | Extra |
+----+-------------+------------+------+---------------+------+---------+------+-------+-------+
|  1 | SIMPLE      | properties | ALL  | NULL          | NULL | NULL    | NULL | 17401 |       |
+----+-------------+------------+------+---------------+------+---------+------+-------+-------+
1 row in set (0.00 sec)

  [1m[32mSOLR Request (49.9ms)[0m  [ path=#<RSolr::Client:0xf03df90> parameters={data: [1m[1mfq=type%3AProperty&fq=property_for_s%3Asale&fq=property_price_it%3A%5B1640507+TO+9259401%5D&start=0&rows=10&facet=true&f.property_type_s.facet.mincount=1&facet.field=property_type_s&facet.field=bedrooms_i&facet.field=property_price_it&facet.field=city_s&facet.field=state_s&facet.field=built_up_area_s&facet.field=property_for_s&f.bedrooms_i.facet.mincount=1&f.property_price_it.facet.mincount=1&f.city_s.facet.mincount=1&f.state_s.facet.mincount=1&f.built_up_area_s.facet.mincount=1&f.property_for_s.facet.mincount=1&q=%2A%3A%2A[0m, method: [1m[1mpost[0m, params: [1m[1m{:wt=>:ruby}[0m, query: [1m[1mwt=ruby[0m, headers: [1m[1m{"Content-Type"=>"application/x-www-form-urlencoded; charset=UTF-8"}[0m, path: [1m[1mselect[0m, uri: [1m[1mhttp://localhost:8982/solr/select?wt=ruby[0m, open_timeout: [1m[1m[0m, read_timeout: [1m[1m[0m} ]
  [1m[36mProperty Load (0.2ms)[0m  [1mSELECT `properties`.* FROM `properties` WHERE `properties`.`id` IN (37, 41, 43, 44, 45, 47, 51, 52, 56, 58)[0m
  Rendered home/_regular_search.erb (256.5ms)
  Rendered home/_side_nav.html.erb (30.6ms)
  [1m[35mUser Load (0.3ms)[0m  SELECT `users`.* FROM `users` WHERE `users`.`id` = 20 LIMIT 1
  Rendered home/_result.html.erb (24.4ms)
  Rendered home/_view_results.html.erb (45.0ms)
  Rendered home/results.html.erb within layouts/application (336.6ms)
  [1m[36mProfile Load (0.3ms)[0m  [1mSELECT `profile`.* FROM `profile` WHERE `profile`.`user_id` = 20 LIMIT 1[0m
Completed 200 OK in 3610ms (Views: 603.8ms | ActiveRecord: 96.5ms | Solr: 49.9ms)


Started GET "/home/results?commit=search&property_for=sale&search=&utf8=%E2%9C%93&what=&where=&price_min=100000&price_max=9259401&price_min=1822995&price_max=9259401" for 127.0.0.1 at 2013-01-04 17:45:36 +0530
Processing by HomeController#results as HTML
  Parameters: {"commit"=>"search", "property_for"=>"sale", "search"=>"", "utf8"=>"✓", "what"=>"", "where"=>"", "price_min"=>"1822995", "price_max"=>"9259401"}
  [1m[35mProperty Load (88.3ms)[0m  SELECT `properties`.* FROM `properties` 
  [1m[36mEXPLAIN (3.0ms)[0m  [1mEXPLAIN SELECT `properties`.* FROM `properties` [0m
EXPLAIN for: SELECT `properties`.* FROM `properties` 
+----+-------------+------------+------+---------------+------+---------+------+-------+-------+
| id | select_type | table      | type | possible_keys | key  | key_len | ref  | rows  | Extra |
+----+-------------+------------+------+---------------+------+---------+------+-------+-------+
|  1 | SIMPLE      | properties | ALL  | NULL          | NULL | NULL    | NULL | 17401 |       |
+----+-------------+------------+------+---------------+------+---------+------+-------+-------+
1 row in set (0.00 sec)

  [1m[32mSOLR Request (161.8ms)[0m  [ path=#<RSolr::Client:0xf03df90> parameters={data: [1m[1mfq=type%3AProperty&fq=property_for_s%3Asale&fq=property_price_it%3A%5B1822995+TO+9259401%5D&start=0&rows=10&facet=true&f.property_type_s.facet.mincount=1&facet.field=property_type_s&facet.field=bedrooms_i&facet.field=property_price_it&facet.field=city_s&facet.field=state_s&facet.field=built_up_area_s&facet.field=property_for_s&f.bedrooms_i.facet.mincount=1&f.property_price_it.facet.mincount=1&f.city_s.facet.mincount=1&f.state_s.facet.mincount=1&f.built_up_area_s.facet.mincount=1&f.property_for_s.facet.mincount=1&q=%2A%3A%2A[0m, method: [1m[1mpost[0m, params: [1m[1m{:wt=>:ruby}[0m, query: [1m[1mwt=ruby[0m, headers: [1m[1m{"Content-Type"=>"application/x-www-form-urlencoded; charset=UTF-8"}[0m, path: [1m[1mselect[0m, uri: [1m[1mhttp://localhost:8982/solr/select?wt=ruby[0m, open_timeout: [1m[1m[0m, read_timeout: [1m[1m[0m} ]
  [1m[35mProperty Load (0.2ms)[0m  SELECT `properties`.* FROM `properties` WHERE `properties`.`id` IN (37, 41, 43, 44, 45, 51, 52, 56, 58, 59)
  Rendered home/_regular_search.erb (2.9ms)
  Rendered home/_side_nav.html.erb (28.7ms)
  [1m[36mUser Load (0.2ms)[0m  [1mSELECT `users`.* FROM `users` WHERE `users`.`id` = 20 LIMIT 1[0m
  Rendered home/_result.html.erb (273.9ms)
  Rendered home/_view_results.html.erb (292.3ms)
  Rendered home/results.html.erb within layouts/application (328.1ms)
  [1m[35mProfile Load (0.2ms)[0m  SELECT `profile`.* FROM `profile` WHERE `profile`.`user_id` = 20 LIMIT 1
Completed 200 OK in 3504ms (Views: 372.0ms | ActiveRecord: 91.8ms | Solr: 161.8ms)


Started GET "/home/results?commit=search&property_for=sale&search=&utf8=%E2%9C%93&what=&where=&price_min=100000&price_max=9259401&price_min=1822995&price_max=8981106" for 127.0.0.1 at 2013-01-04 17:45:40 +0530
Processing by HomeController#results as HTML
  Parameters: {"commit"=>"search", "property_for"=>"sale", "search"=>"", "utf8"=>"✓", "what"=>"", "where"=>"", "price_min"=>"1822995", "price_max"=>"8981106"}
  [1m[36mProperty Load (92.8ms)[0m  [1mSELECT `properties`.* FROM `properties` [0m
  [1m[35mEXPLAIN (24.1ms)[0m  EXPLAIN SELECT `properties`.* FROM `properties` 
EXPLAIN for: SELECT `properties`.* FROM `properties` 
+----+-------------+------------+------+---------------+------+---------+------+-------+-------+
| id | select_type | table      | type | possible_keys | key  | key_len | ref  | rows  | Extra |
+----+-------------+------------+------+---------------+------+---------+------+-------+-------+
|  1 | SIMPLE      | properties | ALL  | NULL          | NULL | NULL    | NULL | 17401 |       |
+----+-------------+------------+------+---------------+------+---------+------+-------+-------+
1 row in set (0.02 sec)

  [1m[32mSOLR Request (42.3ms)[0m  [ path=#<RSolr::Client:0xf03df90> parameters={data: [1m[1mfq=type%3AProperty&fq=property_for_s%3Asale&fq=property_price_it%3A%5B1822995+TO+8981106%5D&start=0&rows=10&facet=true&f.property_type_s.facet.mincount=1&facet.field=property_type_s&facet.field=bedrooms_i&facet.field=property_price_it&facet.field=city_s&facet.field=state_s&facet.field=built_up_area_s&facet.field=property_for_s&f.bedrooms_i.facet.mincount=1&f.property_price_it.facet.mincount=1&f.city_s.facet.mincount=1&f.state_s.facet.mincount=1&f.built_up_area_s.facet.mincount=1&f.property_for_s.facet.mincount=1&q=%2A%3A%2A[0m, method: [1m[1mpost[0m, params: [1m[1m{:wt=>:ruby}[0m, query: [1m[1mwt=ruby[0m, headers: [1m[1m{"Content-Type"=>"application/x-www-form-urlencoded; charset=UTF-8"}[0m, path: [1m[1mselect[0m, uri: [1m[1mhttp://localhost:8982/solr/select?wt=ruby[0m, open_timeout: [1m[1m[0m, read_timeout: [1m[1m[0m} ]
  [1m[36mProperty Load (0.2ms)[0m  [1mSELECT `properties`.* FROM `properties` WHERE `properties`.`id` IN (37, 41, 43, 44, 45, 51, 52, 56, 58, 59)[0m
  Rendered home/_regular_search.erb (3.4ms)
  Rendered home/_side_nav.html.erb (29.2ms)
  [1m[35mUser Load (0.1ms)[0m  SELECT `users`.* FROM `users` WHERE `users`.`id` = 20 LIMIT 1
  Rendered home/_result.html.erb (21.0ms)
  Rendered home/_view_results.html.erb (39.2ms)
  Rendered home/results.html.erb within layouts/application (284.5ms)
  [1m[36mProfile Load (0.2ms)[0m  [1mSELECT `profile`.* FROM `profile` WHERE `profile`.`user_id` = 20 LIMIT 1[0m
Completed 200 OK in 3423ms (Views: 331.4ms | ActiveRecord: 117.3ms | Solr: 42.3ms)


Started GET "/home/results?commit=search&property_for=sale&search=&utf8=%E2%9C%93&what=&where=&price_min=100000&price_max=9259401&price_min=1822995&price_max=8388019" for 127.0.0.1 at 2013-01-04 17:45:43 +0530
Processing by HomeController#results as HTML
  Parameters: {"commit"=>"search", "property_for"=>"sale", "search"=>"", "utf8"=>"✓", "what"=>"", "where"=>"", "price_min"=>"1822995", "price_max"=>"8388019"}
  [1m[35mProperty Load (83.8ms)[0m  SELECT `properties`.* FROM `properties` 
  [1m[36mEXPLAIN (0.4ms)[0m  [1mEXPLAIN SELECT `properties`.* FROM `properties` [0m
EXPLAIN for: SELECT `properties`.* FROM `properties` 
+----+-------------+------------+------+---------------+------+---------+------+-------+-------+
| id | select_type | table      | type | possible_keys | key  | key_len | ref  | rows  | Extra |
+----+-------------+------------+------+---------------+------+---------+------+-------+-------+
|  1 | SIMPLE      | properties | ALL  | NULL          | NULL | NULL    | NULL | 17401 |       |
+----+-------------+------------+------+---------------+------+---------+------+-------+-------+
1 row in set (0.00 sec)

  [1m[32mSOLR Request (60.3ms)[0m  [ path=#<RSolr::Client:0xf03df90> parameters={data: [1m[1mfq=type%3AProperty&fq=property_for_s%3Asale&fq=property_price_it%3A%5B1822995+TO+8388019%5D&start=0&rows=10&facet=true&f.property_type_s.facet.mincount=1&facet.field=property_type_s&facet.field=bedrooms_i&facet.field=property_price_it&facet.field=city_s&facet.field=state_s&facet.field=built_up_area_s&facet.field=property_for_s&f.bedrooms_i.facet.mincount=1&f.property_price_it.facet.mincount=1&f.city_s.facet.mincount=1&f.state_s.facet.mincount=1&f.built_up_area_s.facet.mincount=1&f.property_for_s.facet.mincount=1&q=%2A%3A%2A[0m, method: [1m[1mpost[0m, params: [1m[1m{:wt=>:ruby}[0m, query: [1m[1mwt=ruby[0m, headers: [1m[1m{"Content-Type"=>"application/x-www-form-urlencoded; charset=UTF-8"}[0m, path: [1m[1mselect[0m, uri: [1m[1mhttp://localhost:8982/solr/select?wt=ruby[0m, open_timeout: [1m[1m[0m, read_timeout: [1m[1m[0m} ]
  [1m[35mProperty Load (0.3ms)[0m  SELECT `properties`.* FROM `properties` WHERE `properties`.`id` IN (41, 43, 44, 45, 52, 56, 58, 59, 61, 62)
  Rendered home/_regular_search.erb (3.3ms)
  Rendered home/_side_nav.html.erb (267.2ms)
  [1m[36mUser Load (0.2ms)[0m  [1mSELECT `users`.* FROM `users` WHERE `users`.`id` = 20 LIMIT 1[0m
  Rendered home/_result.html.erb (21.2ms)
  Rendered home/_view_results.html.erb (41.9ms)
  Rendered home/results.html.erb within layouts/application (317.1ms)
  [1m[35mProfile Load (0.1ms)[0m  SELECT `profile`.* FROM `profile` WHERE `profile`.`user_id` = 20 LIMIT 1
Completed 200 OK in 3477ms (Views: 565.8ms | ActiveRecord: 84.8ms | Solr: 60.3ms)


Started GET "/home/results?commit=search&property_for=sale&search=&utf8=%E2%9C%93&what=&where=&price_min=100000&price_max=9259401&price_min=1822995&price_max=8342397" for 127.0.0.1 at 2013-01-04 17:45:47 +0530
Processing by HomeController#results as HTML
  Parameters: {"commit"=>"search", "property_for"=>"sale", "search"=>"", "utf8"=>"✓", "what"=>"", "where"=>"", "price_min"=>"1822995", "price_max"=>"8342397"}
  [1m[36mProperty Load (83.3ms)[0m  [1mSELECT `properties`.* FROM `properties` [0m
  [1m[35mEXPLAIN (9.3ms)[0m  EXPLAIN SELECT `properties`.* FROM `properties` 
EXPLAIN for: SELECT `properties`.* FROM `properties` 
+----+-------------+------------+------+---------------+------+---------+------+-------+-------+
| id | select_type | table      | type | possible_keys | key  | key_len | ref  | rows  | Extra |
+----+-------------+------------+------+---------------+------+---------+------+-------+-------+
|  1 | SIMPLE      | properties | ALL  | NULL          | NULL | NULL    | NULL | 17401 |       |
+----+-------------+------------+------+---------------+------+---------+------+-------+-------+
1 row in set (0.01 sec)

  [1m[32mSOLR Request (44.4ms)[0m  [ path=#<RSolr::Client:0xf03df90> parameters={data: [1m[1mfq=type%3AProperty&fq=property_for_s%3Asale&fq=property_price_it%3A%5B1822995+TO+8342397%5D&start=0&rows=10&facet=true&f.property_type_s.facet.mincount=1&facet.field=property_type_s&facet.field=bedrooms_i&facet.field=property_price_it&facet.field=city_s&facet.field=state_s&facet.field=built_up_area_s&facet.field=property_for_s&f.bedrooms_i.facet.mincount=1&f.property_price_it.facet.mincount=1&f.city_s.facet.mincount=1&f.state_s.facet.mincount=1&f.built_up_area_s.facet.mincount=1&f.property_for_s.facet.mincount=1&q=%2A%3A%2A[0m, method: [1m[1mpost[0m, params: [1m[1m{:wt=>:ruby}[0m, query: [1m[1mwt=ruby[0m, headers: [1m[1m{"Content-Type"=>"application/x-www-form-urlencoded; charset=UTF-8"}[0m, path: [1m[1mselect[0m, uri: [1m[1mhttp://localhost:8982/solr/select?wt=ruby[0m, open_timeout: [1m[1m[0m, read_timeout: [1m[1m[0m} ]
  [1m[36mProperty Load (0.2ms)[0m  [1mSELECT `properties`.* FROM `properties` WHERE `properties`.`id` IN (41, 43, 44, 45, 52, 56, 58, 59, 61, 62)[0m
  Rendered home/_regular_search.erb (2.8ms)
  Rendered home/_side_nav.html.erb (28.7ms)
  [1m[35mUser Load (0.1ms)[0m  SELECT `users`.* FROM `users` WHERE `users`.`id` = 20 LIMIT 1
  Rendered home/_result.html.erb (262.8ms)
  Rendered home/_view_results.html.erb (282.3ms)
  Rendered home/results.html.erb within layouts/application (318.1ms)
  [1m[36mProfile Load (0.3ms)[0m  [1mSELECT `profile`.* FROM `profile` WHERE `profile`.`user_id` = 20 LIMIT 1[0m
Completed 200 OK in 3329ms (Views: 362.1ms | ActiveRecord: 93.2ms | Solr: 44.4ms)
