Jan 18, 2013 5:55:39 PM org.apache.solr.core.SolrResourceLoader locateSolrHome
INFO: JNDI not configured for solr (NoInitialContextEx)
Jan 18, 2013 5:55:39 PM org.apache.solr.core.SolrResourceLoader locateSolrHome
INFO: using system property solr.solr.home: /home/startup/Projects/vollaa/solr
Jan 18, 2013 5:55:39 PM org.apache.solr.core.SolrResourceLoader <init>
INFO: Solr home set to '/home/startup/Projects/vollaa/solr/'
Jan 18, 2013 5:55:39 PM org.apache.solr.servlet.SolrDispatchFilter init
INFO: SolrDispatchFilter.init()
Jan 18, 2013 5:55:39 PM org.apache.solr.core.SolrResourceLoader locateSolrHome
INFO: JNDI not configured for solr (NoInitialContextEx)
Jan 18, 2013 5:55:39 PM org.apache.solr.core.SolrResourceLoader locateSolrHome
INFO: using system property solr.solr.home: /home/startup/Projects/vollaa/solr
Jan 18, 2013 5:55:39 PM org.apache.solr.core.CoreContainer$Initializer initialize
INFO: looking for solr.xml: /home/startup/Projects/vollaa/solr/solr.xml
Jan 18, 2013 5:55:39 PM org.apache.solr.core.SolrResourceLoader <init>
INFO: Solr home set to '/home/startup/Projects/vollaa/solr/'
Jan 18, 2013 5:55:39 PM org.apache.solr.core.SolrConfig initLibs
INFO: Adding specified lib dirs to ClassLoader
Jan 18, 2013 5:55:40 PM org.apache.solr.core.SolrConfig <init>
INFO: Loaded SolrConfig: solrconfig.xml
Jan 18, 2013 5:55:40 PM org.apache.solr.core.SolrCore <init>
INFO: Opening new SolrCore at /home/startup/Projects/vollaa/solr/, dataDir=/home/startup/Projects/vollaa/solr/data/development/
Jan 18, 2013 5:55:40 PM org.apache.solr.schema.IndexSchema readSchema
INFO: Reading Solr Schema
Jan 18, 2013 5:55:40 PM org.apache.solr.schema.IndexSchema readSchema
INFO: Schema name=sunspot
Jan 18, 2013 5:55:40 PM org.apache.solr.util.plugin.AbstractPluginLoader load
INFO: created null: org.apache.solr.analysis.KeywordTokenizerFactory
Jan 18, 2013 5:55:40 PM org.apache.solr.util.plugin.AbstractPluginLoader load
INFO: created null: org.apache.solr.analysis.LowerCaseFilterFactory
Jan 18, 2013 5:55:40 PM org.apache.solr.util.plugin.AbstractPluginLoader load
INFO: created null: org.apache.solr.analysis.KeywordTokenizerFactory
Jan 18, 2013 5:55:40 PM org.apache.solr.util.plugin.AbstractPluginLoader load
INFO: created null: org.apache.solr.analysis.LowerCaseFilterFactory
Jan 18, 2013 5:55:40 PM org.apache.solr.util.plugin.AbstractPluginLoader load
INFO: created null: org.apache.solr.analysis.EdgeNGramFilterFactory
Jan 18, 2013 5:55:40 PM org.apache.solr.util.plugin.AbstractPluginLoader load
INFO: created autocomplete: org.apache.solr.schema.TextField
Jan 18, 2013 5:55:40 PM org.apache.solr.util.plugin.AbstractPluginLoader load
INFO: created null: org.apache.solr.analysis.LetterTokenizerFactory
Jan 18, 2013 5:55:40 PM org.apache.solr.util.plugin.AbstractPluginLoader load
INFO: created null: org.apache.solr.analysis.LowerCaseFilterFactory
Jan 18, 2013 5:55:40 PM org.apache.solr.util.plugin.AbstractPluginLoader load
INFO: created null: org.apache.solr.analysis.LetterTokenizerFactory
Jan 18, 2013 5:55:40 PM org.apache.solr.util.plugin.AbstractPluginLoader load
INFO: created null: org.apache.solr.analysis.LowerCaseFilterFactory
Jan 18, 2013 5:55:40 PM org.apache.solr.util.plugin.AbstractPluginLoader load
INFO: created null: org.apache.solr.analysis.EdgeNGramFilterFactory
Jan 18, 2013 5:55:40 PM org.apache.solr.util.plugin.AbstractPluginLoader load
INFO: created autosuggest: org.apache.solr.schema.TextField
Jan 18, 2013 5:55:40 PM org.apache.solr.util.plugin.AbstractPluginLoader load
INFO: created string: org.apache.solr.schema.StrField
Jan 18, 2013 5:55:40 PM org.apache.solr.util.plugin.AbstractPluginLoader load
INFO: created tdouble: org.apache.solr.schema.TrieDoubleField
Jan 18, 2013 5:55:40 PM org.apache.solr.util.plugin.AbstractPluginLoader load
INFO: created rand: org.apache.solr.schema.RandomSortField
Jan 18, 2013 5:55:40 PM org.apache.solr.util.plugin.AbstractPluginLoader load
INFO: created null: org.apache.solr.analysis.StandardTokenizerFactory
Jan 18, 2013 5:55:40 PM org.apache.solr.util.plugin.AbstractPluginLoader load
INFO: created null: org.apache.solr.analysis.StandardFilterFactory
Jan 18, 2013 5:55:40 PM org.apache.solr.util.plugin.AbstractPluginLoader load
INFO: created null: org.apache.solr.analysis.LowerCaseFilterFactory
Jan 18, 2013 5:55:40 PM org.apache.solr.util.plugin.AbstractPluginLoader load
INFO: created text: org.apache.solr.schema.TextField
Jan 18, 2013 5:55:40 PM org.apache.solr.util.plugin.AbstractPluginLoader load
INFO: created boolean: org.apache.solr.schema.BoolField
Jan 18, 2013 5:55:40 PM org.apache.solr.util.plugin.AbstractPluginLoader load
INFO: created date: org.apache.solr.schema.DateField
Jan 18, 2013 5:55:40 PM org.apache.solr.util.plugin.AbstractPluginLoader load
INFO: created sdouble: org.apache.solr.schema.SortableDoubleField
Jan 18, 2013 5:55:40 PM org.apache.solr.util.plugin.AbstractPluginLoader load
INFO: created sfloat: org.apache.solr.schema.SortableFloatField
Jan 18, 2013 5:55:40 PM org.apache.solr.util.plugin.AbstractPluginLoader load
INFO: created sint: org.apache.solr.schema.SortableIntField
Jan 18, 2013 5:55:40 PM org.apache.solr.util.plugin.AbstractPluginLoader load
INFO: created slong: org.apache.solr.schema.SortableLongField
Jan 18, 2013 5:55:40 PM org.apache.solr.util.plugin.AbstractPluginLoader load
INFO: created tint: org.apache.solr.schema.TrieIntField
Jan 18, 2013 5:55:40 PM org.apache.solr.util.plugin.AbstractPluginLoader load
INFO: created tfloat: org.apache.solr.schema.TrieFloatField
Jan 18, 2013 5:55:40 PM org.apache.solr.util.plugin.AbstractPluginLoader load
INFO: created tdate: org.apache.solr.schema.TrieDateField
Jan 18, 2013 5:55:40 PM org.apache.solr.schema.IndexSchema readSchema
INFO: default search field is text
Jan 18, 2013 5:55:40 PM org.apache.solr.schema.IndexSchema readSchema
INFO: query parser default operator is AND
Jan 18, 2013 5:55:40 PM org.apache.solr.schema.IndexSchema readSchema
INFO: unique key field: id
Jan 18, 2013 5:55:40 PM org.apache.solr.core.JmxMonitoredMap <init>
INFO: No JMX servers found, not exposing Solr information with JMX.
Jan 18, 2013 5:55:40 PM org.apache.solr.core.SolrCore initListeners
INFO: Added SolrEventListener: org.apache.solr.core.QuerySenderListener{queries=[]}
Jan 18, 2013 5:55:40 PM org.apache.solr.core.SolrCore initListeners
INFO: Added SolrEventListener: org.apache.solr.core.QuerySenderListener{queries=[{q=solr rocks,start=0,rows=10}, {q=static firstSearcher warming query from solrconfig.xml}]}
Jan 18, 2013 5:55:40 PM org.apache.solr.request.XSLTResponseWriter init
INFO: xsltCacheLifetimeSeconds=5
Jan 18, 2013 5:55:40 PM org.apache.solr.core.RequestHandlers initHandlersFromConfig
INFO: created standard: solr.SearchHandler
Jan 18, 2013 5:55:40 PM org.apache.solr.core.RequestHandlers initHandlersFromConfig
INFO: created dismax: solr.SearchHandler
Jan 18, 2013 5:55:40 PM org.apache.solr.core.RequestHandlers initHandlersFromConfig
INFO: created partitioned: solr.SearchHandler
Jan 18, 2013 5:55:40 PM org.apache.solr.core.RequestHandlers initHandlersFromConfig
INFO: created /spell: solr.SearchHandler
Jan 18, 2013 5:55:40 PM org.apache.solr.core.RequestHandlers initHandlersFromConfig
INFO: created tvrh: org.apache.solr.handler.component.SearchHandler
Jan 18, 2013 5:55:40 PM org.apache.solr.core.RequestHandlers initHandlersFromConfig
INFO: adding lazy requestHandler: org.apache.solr.handler.extraction.ExtractingRequestHandler
Jan 18, 2013 5:55:40 PM org.apache.solr.core.RequestHandlers initHandlersFromConfig
INFO: created /update/extract: org.apache.solr.handler.extraction.ExtractingRequestHandler
Jan 18, 2013 5:55:40 PM org.apache.solr.core.RequestHandlers initHandlersFromConfig
INFO: created /terms: org.apache.solr.handler.component.SearchHandler
Jan 18, 2013 5:55:40 PM org.apache.solr.core.RequestHandlers initHandlersFromConfig
INFO: adding lazy requestHandler: solr.SearchHandler
Jan 18, 2013 5:55:40 PM org.apache.solr.core.RequestHandlers initHandlersFromConfig
INFO: created /elevate: solr.SearchHandler
Jan 18, 2013 5:55:40 PM org.apache.solr.core.RequestHandlers initHandlersFromConfig
INFO: created /update: solr.XmlUpdateRequestHandler
Jan 18, 2013 5:55:40 PM org.apache.solr.core.RequestHandlers initHandlersFromConfig
INFO: created /update/javabin: solr.BinaryUpdateRequestHandler
Jan 18, 2013 5:55:40 PM org.apache.solr.core.RequestHandlers initHandlersFromConfig
INFO: created /analysis/document: solr.DocumentAnalysisRequestHandler
Jan 18, 2013 5:55:40 PM org.apache.solr.core.RequestHandlers initHandlersFromConfig
INFO: created /analysis/field: solr.FieldAnalysisRequestHandler
Jan 18, 2013 5:55:40 PM org.apache.solr.core.RequestHandlers initHandlersFromConfig
INFO: adding lazy requestHandler: solr.CSVRequestHandler
Jan 18, 2013 5:55:40 PM org.apache.solr.core.RequestHandlers initHandlersFromConfig
INFO: created /update/csv: solr.CSVRequestHandler
Jan 18, 2013 5:55:40 PM org.apache.solr.core.RequestHandlers initHandlersFromConfig
INFO: created /admin/: org.apache.solr.handler.admin.AdminHandlers
Jan 18, 2013 5:55:40 PM org.apache.solr.core.RequestHandlers initHandlersFromConfig
INFO: created /admin/ping: PingRequestHandler
Jan 18, 2013 5:55:40 PM org.apache.solr.core.RequestHandlers initHandlersFromConfig
INFO: created /debug/dump: solr.DumpRequestHandler
Jan 18, 2013 5:55:40 PM org.apache.solr.core.RequestHandlers initHandlersFromConfig
INFO: created /mlt: solr.MoreLikeThisHandler
Jan 18, 2013 5:55:40 PM org.apache.solr.search.SolrIndexSearcher <init>
INFO: Opening Searcher@8aca78 main
Jan 18, 2013 5:55:40 PM org.apache.solr.update.DirectUpdateHandler2$CommitTracker <init>
INFO: AutoCommit: disabled
Jan 18, 2013 5:55:40 PM org.apache.solr.handler.component.SpellCheckComponent inform
INFO: Initializing spell checkers
Jan 18, 2013 5:55:40 PM org.apache.solr.spelling.AbstractLuceneSpellChecker init
INFO: Using WhitespaceAnalzyer for dictionary: default
Jan 18, 2013 5:55:40 PM org.apache.solr.handler.component.SpellCheckComponent inform
WARNING: No queryConverter defined, using default converter
Jan 18, 2013 5:55:40 PM org.apache.solr.handler.component.QueryElevationComponent inform
INFO: Loading QueryElevation from: /home/startup/Projects/vollaa/solr/conf/elevate.xml
Jan 18, 2013 5:55:40 PM org.apache.solr.handler.component.SearchHandler inform
INFO: Adding  component:org.apache.solr.handler.component.QueryComponent@39b5ae
Jan 18, 2013 5:55:40 PM org.apache.solr.handler.component.SearchHandler inform
INFO: Adding  component:org.apache.solr.handler.component.FacetComponent@c6ca37
Jan 18, 2013 5:55:40 PM org.apache.solr.handler.component.SearchHandler inform
INFO: Adding  component:org.apache.solr.handler.component.MoreLikeThisComponent@1060948
Jan 18, 2013 5:55:40 PM org.apache.solr.handler.component.SearchHandler inform
INFO: Adding  component:org.apache.solr.handler.component.HighlightComponent@14b85ae
Jan 18, 2013 5:55:40 PM org.apache.solr.handler.component.SearchHandler inform
INFO: Adding  component:org.apache.solr.handler.component.StatsComponent@1357ede
Jan 18, 2013 5:55:40 PM org.apache.solr.handler.component.SearchHandler inform
INFO: Adding  debug component:org.apache.solr.handler.component.DebugComponent@11c413d
Jan 18, 2013 5:55:40 PM org.apache.solr.handler.component.SearchHandler inform
INFO: Adding  component:org.apache.solr.handler.component.QueryComponent@39b5ae
Jan 18, 2013 5:55:40 PM org.apache.solr.handler.component.SearchHandler inform
INFO: Adding  component:org.apache.solr.handler.component.FacetComponent@c6ca37
Jan 18, 2013 5:55:40 PM org.apache.solr.handler.component.SearchHandler inform
INFO: Adding  component:org.apache.solr.handler.component.MoreLikeThisComponent@1060948
Jan 18, 2013 5:55:40 PM org.apache.solr.handler.component.SearchHandler inform
INFO: Adding  component:org.apache.solr.handler.component.HighlightComponent@14b85ae
Jan 18, 2013 5:55:40 PM org.apache.solr.handler.component.SearchHandler inform
INFO: Adding  component:org.apache.solr.handler.component.StatsComponent@1357ede
Jan 18, 2013 5:55:40 PM org.apache.solr.handler.component.SearchHandler inform
INFO: Adding  debug component:org.apache.solr.handler.component.DebugComponent@11c413d
Jan 18, 2013 5:55:40 PM org.apache.solr.handler.component.SearchHandler inform
INFO: Adding  component:org.apache.solr.handler.component.QueryComponent@39b5ae
Jan 18, 2013 5:55:40 PM org.apache.solr.handler.component.SearchHandler inform
INFO: Adding  component:org.apache.solr.handler.component.FacetComponent@c6ca37
Jan 18, 2013 5:55:40 PM org.apache.solr.handler.component.SearchHandler inform
INFO: Adding  component:org.apache.solr.handler.component.MoreLikeThisComponent@1060948
Jan 18, 2013 5:55:40 PM org.apache.solr.handler.component.SearchHandler inform
INFO: Adding  component:org.apache.solr.handler.component.HighlightComponent@14b85ae
Jan 18, 2013 5:55:40 PM org.apache.solr.handler.component.SearchHandler inform
INFO: Adding  component:org.apache.solr.handler.component.StatsComponent@1357ede
Jan 18, 2013 5:55:40 PM org.apache.solr.handler.component.SearchHandler inform
INFO: Adding  debug component:org.apache.solr.handler.component.DebugComponent@11c413d
Jan 18, 2013 5:55:40 PM org.apache.solr.handler.component.SearchHandler inform
INFO: Adding  component:org.apache.solr.handler.component.QueryComponent@39b5ae
Jan 18, 2013 5:55:40 PM org.apache.solr.handler.component.SearchHandler inform
INFO: Adding  component:org.apache.solr.handler.component.FacetComponent@c6ca37
Jan 18, 2013 5:55:40 PM org.apache.solr.handler.component.SearchHandler inform
INFO: Adding  component:org.apache.solr.handler.component.MoreLikeThisComponent@1060948
Jan 18, 2013 5:55:40 PM org.apache.solr.handler.component.SearchHandler inform
INFO: Adding  component:org.apache.solr.handler.component.HighlightComponent@14b85ae
Jan 18, 2013 5:55:40 PM org.apache.solr.handler.component.SearchHandler inform
INFO: Adding  component:org.apache.solr.handler.component.StatsComponent@1357ede
Jan 18, 2013 5:55:40 PM org.apache.solr.handler.component.SearchHandler inform
INFO: Adding  component:org.apache.solr.handler.component.SpellCheckComponent@1ff3565
Jan 18, 2013 5:55:40 PM org.apache.solr.handler.component.SearchHandler inform
INFO: Adding  debug component:org.apache.solr.handler.component.DebugComponent@11c413d
Jan 18, 2013 5:55:40 PM org.apache.solr.handler.component.SearchHandler inform
INFO: Adding  component:org.apache.solr.handler.component.QueryComponent@39b5ae
Jan 18, 2013 5:55:40 PM org.apache.solr.handler.component.SearchHandler inform
INFO: Adding  component:org.apache.solr.handler.component.FacetComponent@c6ca37
Jan 18, 2013 5:55:40 PM org.apache.solr.handler.component.SearchHandler inform
INFO: Adding  component:org.apache.solr.handler.component.MoreLikeThisComponent@1060948
Jan 18, 2013 5:55:40 PM org.apache.solr.handler.component.SearchHandler inform
INFO: Adding  component:org.apache.solr.handler.component.HighlightComponent@14b85ae
Jan 18, 2013 5:55:40 PM org.apache.solr.handler.component.SearchHandler inform
INFO: Adding  component:org.apache.solr.handler.component.StatsComponent@1357ede
Jan 18, 2013 5:55:40 PM org.apache.solr.handler.component.SearchHandler inform
INFO: Adding  component:org.apache.solr.handler.component.TermVectorComponent@a852b
Jan 18, 2013 5:55:40 PM org.apache.solr.handler.component.SearchHandler inform
INFO: Adding  debug component:org.apache.solr.handler.component.DebugComponent@11c413d
Jan 18, 2013 5:55:40 PM org.apache.solr.handler.component.SearchHandler inform
INFO: Adding  component:org.apache.solr.handler.component.TermsComponent@acdd8f
Jan 18, 2013 5:55:40 PM org.apache.solr.core.QuerySenderListener newSearcher
INFO: QuerySenderListener sending requests to Searcher@8aca78 main
Jan 18, 2013 5:55:40 PM org.apache.solr.core.CoreContainer register
INFO: registering core: 
Jan 18, 2013 5:55:40 PM org.apache.solr.servlet.SolrDispatchFilter init
INFO: user.dir=/home/startup/.rvm/gems/ruby-1.9.3-p286/gems/sunspot_solr-1.3.3/solr
Jan 18, 2013 5:55:40 PM org.apache.solr.servlet.SolrDispatchFilter init
INFO: SolrDispatchFilter.init() done
Jan 18, 2013 5:55:40 PM org.apache.solr.core.SolrCore execute
INFO: [] webapp=null path=null params={start=0&event=firstSearcher&q=solr+rocks&rows=10} hits=0 status=0 QTime=67 
Jan 18, 2013 5:55:40 PM org.apache.solr.core.SolrCore execute
INFO: [] webapp=null path=null params={event=firstSearcher&q=static+firstSearcher+warming+query+from+solrconfig.xml} hits=0 status=0 QTime=3 
Jan 18, 2013 5:55:40 PM org.apache.solr.core.QuerySenderListener newSearcher
INFO: QuerySenderListener done.
Jan 18, 2013 5:55:40 PM org.apache.solr.handler.component.SpellCheckComponent$SpellCheckerListener newSearcher
INFO: Loading spell index for spellchecker: default
Jan 18, 2013 5:55:40 PM org.apache.solr.core.SolrCore registerSearcher
INFO: [] Registered new searcher Searcher@8aca78 main
Jan 18, 2013 5:55:40 PM org.apache.solr.servlet.SolrServlet init
INFO: SolrServlet.init()
Jan 18, 2013 5:55:40 PM org.apache.solr.core.SolrResourceLoader locateSolrHome
INFO: JNDI not configured for solr (NoInitialContextEx)
Jan 18, 2013 5:55:40 PM org.apache.solr.core.SolrResourceLoader locateSolrHome
INFO: using system property solr.solr.home: /home/startup/Projects/vollaa/solr
Jan 18, 2013 5:55:40 PM org.apache.solr.servlet.SolrServlet init
INFO: SolrServlet.init() done
Jan 18, 2013 5:55:40 PM org.apache.solr.core.SolrResourceLoader locateSolrHome
INFO: JNDI not configured for solr (NoInitialContextEx)
Jan 18, 2013 5:55:40 PM org.apache.solr.core.SolrResourceLoader locateSolrHome
INFO: using system property solr.solr.home: /home/startup/Projects/vollaa/solr
Jan 18, 2013 5:55:40 PM org.apache.solr.servlet.SolrUpdateServlet init
INFO: SolrUpdateServlet.init() done
Jan 18, 2013 5:55:45 PM org.apache.solr.request.UnInvertedField uninvert
INFO: UnInverted multi-valued field {field=property_price_it,memSize=455024,tindexSize=272,time=197,phase1=193,nTerms=1476,bigTerms=1,termInstances=3401,uses=0}
Jan 18, 2013 5:55:45 PM org.apache.solr.core.SolrCore execute
INFO: [] webapp=/solr path=/select params={facet=true&f.state_s.facet.mincount=1&f.property_price_it.facet.mincount=1&f.property_type_s.facet.mincount=1&f.bedrooms_i.facet.mincount=1&f.property_for_s.facet.mincount=1&wt=ruby&rows=10&start=0&q=*:*&f.built_up_area_s.facet.mincount=1&f.city_s.facet.mincount=1&facet.field=property_type_s&facet.field=bedrooms_i&facet.field=property_price_it&facet.field=city_s&facet.field=state_s&facet.field=built_up_area_s&facet.field=property_for_s&fq=type:Property&fq=property_for_s:sale} hits=1769 status=0 QTime=719 
Jan 18, 2013 5:57:41 PM org.apache.solr.core.SolrCore execute
INFO: [] webapp=/solr path=/select params={facet=true&f.state_s.facet.mincount=1&f.property_price_it.facet.mincount=1&f.property_type_s.facet.mincount=1&f.bedrooms_i.facet.mincount=1&f.property_for_s.facet.mincount=1&wt=ruby&rows=10&start=0&q=*:*&f.built_up_area_s.facet.mincount=1&f.city_s.facet.mincount=1&facet.field=property_type_s&facet.field=bedrooms_i&facet.field=property_price_it&facet.field=city_s&facet.field=state_s&facet.field=built_up_area_s&facet.field=property_for_s&fq=type:Property&fq=property_for_s:sale} hits=1769 status=0 QTime=31 
Jan 18, 2013 6:04:10 PM org.apache.solr.core.SolrCore execute
INFO: [] webapp=/solr path=/select params={facet=true&f.state_s.facet.mincount=1&f.property_price_it.facet.mincount=1&f.property_type_s.facet.mincount=1&f.bedrooms_i.facet.mincount=1&f.property_for_s.facet.mincount=1&wt=ruby&rows=10&start=0&q=*:*&f.built_up_area_s.facet.mincount=1&f.city_s.facet.mincount=1&facet.field=property_type_s&facet.field=bedrooms_i&facet.field=property_price_it&facet.field=city_s&facet.field=state_s&facet.field=built_up_area_s&facet.field=property_for_s&fq=type:Property&fq=property_for_s:sale} hits=1769 status=0 QTime=21 
Jan 18, 2013 6:05:31 PM org.apache.solr.core.SolrCore execute
INFO: [] webapp=/solr path=/select params={facet=true&f.state_s.facet.mincount=1&f.property_type_s.facet.mincount=1&f.property_price_it.facet.mincount=1&qf=city_text+property_title_text&f.bedrooms_i.facet.mincount=1&f.property_for_s.facet.mincount=1&wt=ruby&rows=10&defType=dismax&fl=*+score&start=0&q=asdf+asdf&f.built_up_area_s.facet.mincount=1&facet.field=property_type_s&facet.field=bedrooms_i&facet.field=property_price_it&facet.field=city_s&facet.field=state_s&facet.field=built_up_area_s&facet.field=property_for_s&f.city_s.facet.mincount=1&fq=type:Property&fq=property_for_s:sale} hits=0 status=0 QTime=274 
Jan 18, 2013 6:06:44 PM org.apache.solr.core.SolrCore execute
INFO: [] webapp=/solr path=/select params={facet=true&f.state_s.facet.mincount=1&f.property_price_it.facet.mincount=1&f.property_type_s.facet.mincount=1&f.bedrooms_i.facet.mincount=1&f.property_for_s.facet.mincount=1&wt=ruby&rows=10&start=0&q=*:*&f.built_up_area_s.facet.mincount=1&f.city_s.facet.mincount=1&facet.field=property_type_s&facet.field=bedrooms_i&facet.field=property_price_it&facet.field=city_s&facet.field=state_s&facet.field=built_up_area_s&facet.field=property_for_s&fq=type:Property&fq=property_for_s:sale} hits=1769 status=0 QTime=26 
Jan 18, 2013 6:12:39 PM org.apache.solr.core.SolrCore execute
INFO: [] webapp=/solr path=/select params={facet=true&f.state_s.facet.mincount=1&f.property_type_s.facet.mincount=1&f.property_price_it.facet.mincount=1&qf=city_text+property_title_text&f.bedrooms_i.facet.mincount=1&f.property_for_s.facet.mincount=1&wt=ruby&rows=10&defType=dismax&fl=*+score&start=0&q=afdsf+asdf&f.built_up_area_s.facet.mincount=1&facet.field=property_type_s&facet.field=bedrooms_i&facet.field=property_price_it&facet.field=city_s&facet.field=state_s&facet.field=built_up_area_s&facet.field=property_for_s&f.city_s.facet.mincount=1&fq=type:Property&fq=property_for_s:sale} hits=0 status=0 QTime=13 
Jan 18, 2013 6:12:44 PM org.apache.solr.core.SolrCore execute
INFO: [] webapp=/solr path=/select params={facet=true&f.state_s.facet.mincount=1&f.property_type_s.facet.mincount=1&f.property_price_it.facet.mincount=1&qf=city_text+property_title_text&f.bedrooms_i.facet.mincount=1&f.property_for_s.facet.mincount=1&wt=ruby&rows=10&defType=dismax&fl=*+score&start=0&q=asdfds+asdf&f.built_up_area_s.facet.mincount=1&facet.field=property_type_s&facet.field=bedrooms_i&facet.field=property_price_it&facet.field=city_s&facet.field=state_s&facet.field=built_up_area_s&facet.field=property_for_s&f.city_s.facet.mincount=1&fq=type:Property&fq=property_for_s:sale} hits=0 status=0 QTime=7 
Jan 18, 2013 6:13:33 PM org.apache.solr.core.SolrCore execute
INFO: [] webapp=/solr path=/select params={facet=true&f.state_s.facet.mincount=1&f.property_price_it.facet.mincount=1&f.property_type_s.facet.mincount=1&f.bedrooms_i.facet.mincount=1&f.property_for_s.facet.mincount=1&wt=ruby&rows=10&start=0&q=*:*&f.built_up_area_s.facet.mincount=1&f.city_s.facet.mincount=1&facet.field=property_type_s&facet.field=bedrooms_i&facet.field=property_price_it&facet.field=city_s&facet.field=state_s&facet.field=built_up_area_s&facet.field=property_for_s&fq=type:Property&fq=property_for_s:sale} hits=1769 status=0 QTime=13 
Jan 18, 2013 6:22:08 PM org.apache.solr.core.SolrCore execute
INFO: [] webapp=/solr path=/select params={facet=true&f.state_s.facet.mincount=1&f.property_price_it.facet.mincount=1&f.property_type_s.facet.mincount=1&f.bedrooms_i.facet.mincount=1&f.property_for_s.facet.mincount=1&wt=ruby&rows=10&start=0&q=*:*&f.built_up_area_s.facet.mincount=1&f.city_s.facet.mincount=1&facet.field=property_type_s&facet.field=bedrooms_i&facet.field=property_price_it&facet.field=city_s&facet.field=state_s&facet.field=built_up_area_s&facet.field=property_for_s&fq=type:Property&fq=property_for_s:sale} hits=1769 status=0 QTime=36 
Jan 18, 2013 6:22:14 PM org.apache.solr.core.SolrCore execute
INFO: [] webapp=/solr path=/select params={facet=true&f.state_s.facet.mincount=1&f.property_price_it.facet.mincount=1&f.property_type_s.facet.mincount=1&f.bedrooms_i.facet.mincount=1&f.property_for_s.facet.mincount=1&wt=ruby&rows=10&start=10&q=*:*&f.built_up_area_s.facet.mincount=1&f.city_s.facet.mincount=1&facet.field=property_type_s&facet.field=bedrooms_i&facet.field=property_price_it&facet.field=city_s&facet.field=state_s&facet.field=built_up_area_s&facet.field=property_for_s&fq=type:Property&fq=property_for_s:sale} hits=1769 status=0 QTime=32 
Jan 18, 2013 6:22:41 PM org.apache.solr.core.SolrCore execute
INFO: [] webapp=/solr path=/select params={facet=true&f.state_s.facet.mincount=1&f.property_price_it.facet.mincount=1&f.property_type_s.facet.mincount=1&f.bedrooms_i.facet.mincount=1&f.property_for_s.facet.mincount=1&wt=ruby&rows=10&start=10&q=*:*&f.built_up_area_s.facet.mincount=1&f.city_s.facet.mincount=1&facet.field=property_type_s&facet.field=bedrooms_i&facet.field=property_price_it&facet.field=city_s&facet.field=state_s&facet.field=built_up_area_s&facet.field=property_for_s&fq=type:Property&fq=property_for_s:sale} hits=1769 status=0 QTime=20 
